INFO:mysql.connector.authentication:package: mysql.connector.plugins
INFO:mysql.connector.authentication:plugin_name: caching_sha2_password
INFO:mysql.connector.authentication:AUTHENTICATION_PLUGIN_CLASS: MySQLCachingSHA2PasswordAuthPlugin
INFO:__main__:2022-11-15 09:07:09.002469+08:00 : connecting the cursor
INFO:__main__:2022-11-15 09:07:09.002469+08:00 : executing query
INFO:__main__:2022-11-15 09:07:09.002469+08:00 : Start to fetch all the gid set!
INFO:__main__:2022-11-15 09:07:09.002469+08:00 : getting player yesterday
INFO:__main__:2022-11-15 09:07:09.034193+08:00 : getting player yesterday done, time used : 0.03172469139099121 sec
INFO:__main__:2022-11-15 09:07:09.034193+08:00 : getting daily report 2022-10-01 00:00:00 to 2022-11-01 00:00:00
INFO:__main__:2022-11-15 09:07:10.277279+08:00 : getting daily report 2022-10-01 00:00:00 to 2022-11-01 00:00:00 done, time used : 1.2430856227874756 sec
INFO:__main__:2022-11-15 09:07:10.277279+08:00 : getting game occur day
INFO:__main__:2022-11-15 09:07:10.836815+08:00 : getting game occur day done, time used : 0.5595364570617676 sec
INFO:__main__:2022-11-15 09:07:11.914878+08:00 : getting add & lose player 1, 鑽石水果王 done, time used : 1.0780627727508545 sec
INFO:__main__:2022-11-15 09:07:12.279094+08:00 : getting add & lose player 2, 棋聖 done, time used : 0.3642153739929199 sec
INFO:__main__:2022-11-15 09:07:13.117886+08:00 : getting add & lose player 3, 血之吻 done, time used : 0.8387925624847412 sec
INFO:__main__:2022-11-15 09:07:13.743317+08:00 : getting add & lose player 4, 森林泰后 done, time used : 0.6254310607910156 sec
INFO:__main__:2022-11-15 09:07:14.493261+08:00 : getting add & lose player 5, 金大款 done, time used : 0.749943733215332 sec
INFO:__main__:2022-11-15 09:07:14.501544+08:00 : getting add & lose player 6, 1945 done, time used : 0.0 sec
INFO:__main__:2022-11-15 09:07:21.015739+08:00 : getting add & lose player 7, 跳起來 done, time used : 6.51419472694397 sec
INFO:__main__:2022-11-15 09:07:21.915052+08:00 : getting add & lose player 8, 甜蜜蜜 done, time used : 0.8993122577667236 sec
INFO:__main__:2022-11-15 09:07:23.093166+08:00 : getting add & lose player 9, 鍾馗運財 done, time used : 1.178114652633667 sec
INFO:__main__:2022-11-15 09:07:26.311226+08:00 : getting add & lose player 10, 五福臨門 done, time used : 3.218059539794922 sec
INFO:__main__:2022-11-15 09:07:26.342920+08:00 : getting add & lose player 11, 夢遊仙境2 done, time used : 0.016079187393188477 sec
INFO:__main__:2022-11-15 09:07:27.135865+08:00 : getting add & lose player 12, 金玉滿堂 done, time used : 0.792945384979248 sec
INFO:__main__:2022-11-15 09:07:27.498158+08:00 : getting add & lose player 13, 櫻花妹子 done, time used : 0.3622922897338867 sec
INFO:__main__:2022-11-15 09:07:27.504961+08:00 : getting add & lose player 14, 絕贏巫師 done, time used : 0.005829572677612305 sec
INFO:__main__:2022-11-15 09:07:28.978018+08:00 : getting add & lose player 15, 金雞報喜 done, time used : 1.4720637798309326 sec
INFO:__main__:2022-11-15 09:07:29.986711+08:00 : getting add & lose player 16, 五行 done, time used : 1.0086932182312012 sec
INFO:__main__:2022-11-15 09:07:30.473514+08:00 : getting add & lose player 17, 祥獅獻瑞 done, time used : 0.4858095645904541 sec
INFO:__main__:2022-11-15 09:07:30.484236+08:00 : getting add & lose player 18, 雀王 done, time used : 0.00974130630493164 sec
INFO:__main__:2022-11-15 09:07:32.242882+08:00 : getting add & lose player 19, 風火輪 done, time used : 1.7586452960968018 sec
INFO:__main__:2022-11-15 09:07:32.977231+08:00 : getting add & lose player 20, 發發發 done, time used : 0.7343490123748779 sec
INFO:__main__:2022-11-15 09:07:33.133462+08:00 : getting add & lose player 21, 野狼傳說 done, time used : 0.15623140335083008 sec
INFO:__main__:2022-11-15 09:07:33.258470+08:00 : getting add & lose player 22, 庶務西遊二課 done, time used : 0.12500834465026855 sec
INFO:__main__:2022-11-15 09:07:33.930263+08:00 : getting add & lose player 23, 金元寶 done, time used : 0.67179274559021 sec
INFO:__main__:2022-11-15 09:07:34.867667+08:00 : getting add & lose player 24, 跳起來2 done, time used : 0.9374041557312012 sec
INFO:__main__:2022-11-15 09:07:34.883337+08:00 : getting add & lose player 25, 撲克拉霸 done, time used : 0.015669584274291992 sec
INFO:__main__:2022-11-15 09:07:35.630932+08:00 : getting add & lose player 26, 777 done, time used : 0.7475955486297607 sec
INFO:__main__:2022-11-15 09:07:35.941839+08:00 : getting add & lose player 27, 魔法世界 done, time used : 0.31090664863586426 sec
INFO:__main__:2022-11-15 09:07:35.950616+08:00 : getting add & lose player 28, 食神 done, time used : 0.007810831069946289 sec
INFO:__main__:2022-11-15 09:07:36.763049+08:00 : getting add & lose player 29, 水世界 done, time used : 0.8114371299743652 sec
INFO:__main__:2022-11-15 09:07:36.769882+08:00 : getting add & lose player 30, 三國序 done, time used : 0.00683283805847168 sec
INFO:__main__:2022-11-15 09:07:40.340865+08:00 : getting add & lose player 31, 武聖 done, time used : 3.570007085800171 sec
INFO:__main__:2022-11-15 09:07:40.657773+08:00 : getting add & lose player 32, 通天神探狄仁傑 done, time used : 0.3169076442718506 sec
INFO:__main__:2022-11-15 09:07:41.680304+08:00 : getting add & lose player 33, 火燒連環船 done, time used : 1.0225307941436768 sec
INFO:__main__:2022-11-15 09:07:41.970695+08:00 : getting add & lose player 34, 地鼠戰役 done, time used : 0.290391206741333 sec
INFO:__main__:2022-11-15 09:07:42.219685+08:00 : getting add & lose player 35, 瘋狂哪吒 done, time used : 0.24801278114318848 sec
INFO:__main__:2022-11-15 09:07:42.416418+08:00 : getting add & lose player 36, 夜店大亨 done, time used : 0.196732759475708 sec
INFO:__main__:2022-11-15 09:07:42.899491+08:00 : getting add & lose player 37, 舞力全開 done, time used : 0.48307347297668457 sec
INFO:__main__:2022-11-15 09:07:43.708343+08:00 : getting add & lose player 38, 飛天 done, time used : 0.8088514804840088 sec
INFO:__main__:2022-11-15 09:07:43.724942+08:00 : getting add & lose player 39, 鏢王爭霸 done, time used : 0.016599416732788086 sec
INFO:__main__:2022-11-15 09:07:43.728845+08:00 : getting add & lose player 40, 水球大戰 done, time used : 0.0039031505584716797 sec
INFO:__main__:2022-11-15 09:07:44.026164+08:00 : getting add & lose player 41, 福爾摩斯 done, time used : 0.297318696975708 sec
INFO:__main__:2022-11-15 09:07:44.033978+08:00 : getting add & lose player 42, 恭賀新禧 done, time used : 0.0068323612213134766 sec
INFO:__main__:2022-11-15 09:07:44.214117+08:00 : getting add & lose player 43, 豪華水果王 done, time used : 0.18013858795166016 sec
INFO:__main__:2022-11-15 09:07:44.214117+08:00 : getting add & lose player 44, 超級發 done, time used : 0.0 sec
INFO:__main__:2022-11-15 09:07:44.904982+08:00 : getting add & lose player 45, 狼月 done, time used : 0.6908650398254395 sec
INFO:__main__:2022-11-15 09:07:45.174055+08:00 : getting add & lose player 46, 法老寶藏 done, time used : 0.2690737247467041 sec
INFO:__main__:2022-11-15 09:07:45.185267+08:00 : getting add & lose player 47, 蓮 done, time used : 0.011210918426513672 sec
INFO:__main__:2022-11-15 09:07:45.327871+08:00 : getting add & lose player 48, 寂寞星球 done, time used : 0.14211130142211914 sec
INFO:__main__:2022-11-15 09:07:50.499770+08:00 : getting add & lose player 49, 鴻福齊天 done, time used : 5.170949697494507 sec
INFO:__main__:2022-11-15 09:07:50.861092+08:00 : getting add & lose player 50, 嗨爆大馬戲 done, time used : 0.36132216453552246 sec
INFO:__main__:2022-11-15 09:08:03.420184+08:00 : getting add & lose player 51, 跳高高 done, time used : 12.559091567993164 sec
INFO:__main__:2022-11-15 09:08:03.502215+08:00 : getting add & lose player 52, 來電99 done, time used : 0.08203125 sec
INFO:__main__:2022-11-15 09:08:03.506142+08:00 : getting add & lose player 53, 擺脫 done, time used : 0.0039272308349609375 sec
INFO:__main__:2022-11-15 09:08:04.284857+08:00 : getting add & lose player 54, 金雞報囍2 done, time used : 0.7787148952484131 sec
INFO:__main__:2022-11-15 09:08:04.649569+08:00 : getting add & lose player 55, 魔龍傳奇 done, time used : 0.3647122383117676 sec
INFO:__main__:2022-11-15 09:08:04.662296+08:00 : getting add & lose player 56, 黯夜公爵 done, time used : 0.012726545333862305 sec
INFO:__main__:2022-11-15 09:08:04.899095+08:00 : getting add & lose player 59, 夏日猩情 done, time used : 0.2367994785308838 sec
INFO:__main__:2022-11-15 09:08:04.914721+08:00 : getting add & lose player 60, 非常鑽 done, time used : 0.015625715255737305 sec
INFO:__main__:2022-11-15 09:08:04.914721+08:00 : getting add & lose player 61, 尋龍訣 done, time used : 0.0 sec
INFO:__main__:2022-11-15 09:08:04.914721+08:00 : getting add & lose player 62, 虎虎虎 done, time used : 0.0 sec
INFO:__main__:2022-11-15 09:08:05.555771+08:00 : getting add & lose player 63, 神獸爭霸 done, time used : 0.641049861907959 sec
INFO:__main__:2022-11-15 09:08:08.991553+08:00 : getting add & lose player 64, 宙斯 done, time used : 3.4357821941375732 sec
INFO:__main__:2022-11-15 09:08:09.773857+08:00 : getting add & lose player 65, 火草泥馬 done, time used : 0.7813313007354736 sec
INFO:__main__:2022-11-15 09:08:10.447005+08:00 : getting add & lose player 66, 火爆777 done, time used : 0.6731481552124023 sec
INFO:__main__:2022-11-15 09:08:10.885935+08:00 : getting add & lose player 67, 萬飽龍 done, time used : 0.4379575252532959 sec
INFO:__main__:2022-11-15 09:08:10.903527+08:00 : getting add & lose player 68, 萬獸之王 done, time used : 0.01759195327758789 sec
INFO:__main__:2022-11-15 09:08:10.906438+08:00 : getting add & lose player 69, 皇金漁場2 done, time used : 0.0019140243530273438 sec
INFO:__main__:2022-11-15 09:08:12.010888+08:00 : getting add & lose player 70, 賺金蛋 done, time used : 1.1034581661224365 sec
INFO:__main__:2022-11-15 09:08:14.976449+08:00 : getting add & lose player 71, 發財神 done, time used : 2.9655611515045166 sec
INFO:__main__:2022-11-15 09:08:15.035498+08:00 : getting add & lose player 72, 金寶熊 done, time used : 0.05904960632324219 sec
INFO:__main__:2022-11-15 09:08:15.393190+08:00 : getting add & lose player 73, 旺旺旺 done, time used : 0.35769176483154297 sec
INFO:__main__:2022-11-15 09:08:15.555476+08:00 : getting add & lose player 74, 叢林舞會 done, time used : 0.16228556632995605 sec
INFO:__main__:2022-11-15 09:08:15.721498+08:00 : getting add & lose player 75, 天天吃豆 done, time used : 0.16602182388305664 sec
INFO:__main__:2022-11-15 09:08:16.399212+08:00 : getting add & lose player 77, 悟空偷桃 done, time used : 0.676732063293457 sec
INFO:__main__:2022-11-15 09:08:17.076391+08:00 : getting add & lose player 78, 好運年年 done, time used : 0.6762120723724365 sec
INFO:__main__:2022-11-15 09:08:18.139281+08:00 : getting add & lose player 79, 聚寶盆 done, time used : 1.0628893375396729 sec
INFO:__main__:2022-11-15 09:08:18.151025+08:00 : getting add & lose player 80, 戰西遊 done, time used : 0.010754108428955078 sec
INFO:__main__:2022-11-15 09:08:18.796461+08:00 : getting add & lose player 81, 火鳳凰 done, time used : 0.645435094833374 sec
INFO:__main__:2022-11-15 09:08:19.517102+08:00 : getting add & lose player 82, 阿波羅 done, time used : 0.7206411361694336 sec
INFO:__main__:2022-11-15 09:08:20.045386+08:00 : getting add & lose player 83, 傳奇海神 done, time used : 0.5282847881317139 sec
INFO:__main__:2022-11-15 09:08:20.424251+08:00 : getting add & lose player 84, 金銀島 done, time used : 0.3788638114929199 sec
INFO:__main__:2022-11-15 09:08:20.434030+08:00 : getting add & lose player 85, 瘋狂派對 done, time used : 0.009779214859008789 sec
INFO:__main__:2022-11-15 09:08:21.847449+08:00 : getting add & lose player 86, 火之女王 done, time used : 1.413419246673584 sec
INFO:__main__:2022-11-15 09:08:21.866537+08:00 : getting add & lose player 87, 奇幻魔術 done, time used : 0.019087553024291992 sec
INFO:__main__:2022-11-15 09:08:23.092534+08:00 : getting add & lose player 88, 變色龍 done, time used : 1.2259974479675293 sec
INFO:__main__:2022-11-15 09:08:23.105259+08:00 : getting add & lose player 89, 足球世界杯 done, time used : 0.012725114822387695 sec
INFO:__main__:2022-11-15 09:08:23.211638+08:00 : getting add & lose player 90, 2018世界盃 done, time used : 0.10637927055358887 sec
INFO:__main__:2022-11-15 09:08:23.227271+08:00 : getting add & lose player 91, 世界盃明星 done, time used : 0.015633344650268555 sec
INFO:__main__:2022-11-15 09:08:23.227271+08:00 : getting add & lose player 92, 世界盃球衣 done, time used : 0.0 sec
INFO:__main__:2022-11-15 09:08:23.367871+08:00 : getting add & lose player 93, 世界盃球鞋 done, time used : 0.14059925079345703 sec
INFO:__main__:2022-11-15 09:08:23.581789+08:00 : getting add & lose player 94, 足球寶貝 done, time used : 0.21391797065734863 sec
INFO:__main__:2022-11-15 09:08:23.589573+08:00 : getting add & lose player 95, 世界杯球場 done, time used : 0.007784128189086914 sec
INFO:__main__:2022-11-15 09:08:23.882968+08:00 : getting add & lose player 96, 世界盃全明星 done, time used : 0.29239892959594727 sec
INFO:__main__:2022-11-15 09:08:26.474615+08:00 : getting add & lose player 97, 皇金漁場 done, time used : 2.5916478633880615 sec
INFO:__main__:2022-11-15 09:08:26.761667+08:00 : getting add & lose player 98, JP五福臨門 done, time used : 0.28608250617980957 sec
INFO:__main__:2022-11-15 09:08:26.829052+08:00 : getting add & lose player 99, JP賺金蛋 done, time used : 0.06638145446777344 sec
INFO:__main__:2022-11-15 09:08:26.982029+08:00 : getting add & lose player 100, JP聚寶盆 done, time used : 0.15297770500183105 sec
INFO:__main__:2022-11-15 09:08:26.987734+08:00 : getting add & lose player 101, 火爆辣椒 done, time used : 0.004866600036621094 sec
INFO:__main__:2022-11-15 09:08:27.825063+08:00 : getting add & lose player 102, 拳霸 done, time used : 0.8373284339904785 sec
INFO:__main__:2022-11-15 09:08:28.427109+08:00 : getting add & lose player 103, 舞媚娘 done, time used : 0.6020464897155762 sec
INFO:__main__:2022-11-15 09:08:29.039006+08:00 : getting add & lose player 104, 嗨起來 done, time used : 0.6118967533111572 sec
INFO:__main__:2022-11-15 09:08:29.296195+08:00 : getting add & lose player 105, 百寶箱 done, time used : 0.2571887969970703 sec
INFO:__main__:2022-11-15 09:08:30.936149+08:00 : getting add & lose player 106, 蹦迪 done, time used : 1.6399545669555664 sec
INFO:__main__:2022-11-15 09:08:31.542591+08:00 : getting add & lose player 107, 牛逼快跑 done, time used : 0.6064417362213135 sec
INFO:__main__:2022-11-15 09:08:31.542591+08:00 : getting add & lose player 108, 烈焰紅唇 done, time used : 0.0 sec
INFO:__main__:2022-11-15 09:08:31.542591+08:00 : getting add & lose player 109, 招財進寶 done, time used : 0.0 sec
INFO:__main__:2022-11-15 09:08:31.555238+08:00 : getting add & lose player 110, 幸運招財貓 done, time used : 0.012647151947021484 sec
INFO:__main__:2022-11-15 09:08:31.555238+08:00 : getting add & lose player 111, 捕魚去嘍 done, time used : 0.0 sec
INFO:__main__:2022-11-15 09:08:31.558665+08:00 : getting add & lose player 112, 旺財 done, time used : 0.003426790237426758 sec
INFO:__main__:2022-11-15 09:08:31.560643+08:00 : getting add & lose player 113, 埃及豔后 done, time used : 0.0011548995971679688 sec
INFO:__main__:2022-11-15 09:08:31.562675+08:00 : getting add & lose player 114, 美人魚傳說 done, time used : 0.0020322799682617188 sec
INFO:__main__:2022-11-15 09:08:31.565504+08:00 : getting add & lose player 115, 集電寶 done, time used : 0.002828836441040039 sec
INFO:__main__:2022-11-15 09:08:31.697812+08:00 : getting add & lose player 116, 牛牛搶红包 done, time used : 0.1323082447052002 sec
INFO:__main__:2022-11-15 09:08:31.697812+08:00 : getting add & lose player 117, 金喜鵲橋 done, time used : 0.0 sec
INFO:__main__:2022-11-15 09:08:33.702109+08:00 : getting add & lose player 118, 雷神 done, time used : 2.0042974948883057 sec
INFO:__main__:2022-11-15 09:08:33.849505+08:00 : getting add & lose player 119, 搶莊牛牛 done, time used : 0.14739561080932617 sec
INFO:__main__:2022-11-15 09:08:33.984257+08:00 : getting add & lose player 120, 超級百人牛牛 done, time used : 0.13376402854919434 sec
INFO:__main__:2022-11-15 09:08:34.117103+08:00 : getting add & lose player 121, 加倍鬥地主 done, time used : 0.13284587860107422 sec
INFO:__main__:2022-11-15 09:08:36.438161+08:00 : getting add & lose player 122, 跳更高 done, time used : 2.3210580348968506 sec
INFO:__main__:2022-11-15 09:08:39.214326+08:00 : getting add & lose player 123, 單手跳高高 done, time used : 2.776165008544922 sec
INFO:__main__:2022-11-15 09:08:39.246041+08:00 : getting add & lose player 124, 橫轉跳高高 done, time used : 0.031714677810668945 sec
INFO:__main__:2022-11-15 09:08:39.246041+08:00 : getting add & lose player 125, 賓果消消消 done, time used : 0.0 sec
INFO:__main__:2022-11-15 09:08:39.246041+08:00 : getting add & lose player 126, 星星消消樂 done, time used : 0.0 sec
INFO:__main__:2022-11-15 09:08:39.493115+08:00 : getting add & lose player 127, 水果派對 done, time used : 0.24707412719726562 sec
INFO:__main__:2022-11-15 09:08:39.672334+08:00 : getting add & lose player 128, 寶石配對 done, time used : 0.17921900749206543 sec
INFO:__main__:2022-11-15 09:08:39.909584+08:00 : getting add & lose player 129, 海濱消消樂 done, time used : 0.23725008964538574 sec
INFO:__main__:2022-11-15 09:08:40.055549+08:00 : getting add & lose player 130, 百人牛牛 done, time used : 0.1459648609161377 sec
INFO:__main__:2022-11-15 09:08:41.180478+08:00 : getting add & lose player 131, 直式跳更高 done, time used : 1.1249287128448486 sec
INFO:__main__:2022-11-15 09:08:42.746293+08:00 : getting add & lose player 132, 單手跳起來 done, time used : 1.5658152103424072 sec
INFO:__main__:2022-11-15 09:08:42.761919+08:00 : getting add & lose player 133, 橫轉跳起來 done, time used : 0.015625953674316406 sec
INFO:__main__:2022-11-15 09:08:42.761919+08:00 : getting add & lose player 134, 飛單跳起來 done, time used : 0.0 sec
INFO:__main__:2022-11-15 09:08:42.774104+08:00 : getting add & lose player 135, 飛單跳高高 done, time used : 0.012184858322143555 sec
INFO:__main__:2022-11-15 09:08:43.170071+08:00 : getting add & lose player 136, 狄仁傑四大天王 done, time used : 0.3959672451019287 sec
INFO:__main__:2022-11-15 09:08:43.305362+08:00 : getting add & lose player 137, 四川麻將 done, time used : 0.13430523872375488 sec
INFO:__main__:2022-11-15 09:08:43.399582+08:00 : getting add & lose player 138, 幸運3 done, time used : 0.09421968460083008 sec
INFO:__main__:2022-11-15 09:08:43.462033+08:00 : getting add & lose player 139, 好萊塢寵物 done, time used : 0.06245112419128418 sec
INFO:__main__:2022-11-15 09:08:43.538251+08:00 : getting add & lose player 140, 賽特的寶藏 done, time used : 0.0762174129486084 sec
INFO:__main__:2022-11-15 09:08:43.643683+08:00 : getting add & lose player 141, 瘋狂軟糖 done, time used : 0.10543274879455566 sec
INFO:__main__:2022-11-15 09:08:43.697955+08:00 : getting add & lose player 142, 死之女王 done, time used : 0.05328798294067383 sec
INFO:__main__:2022-11-15 09:08:43.697955+08:00 : getting add & lose player 144, 釣魚高手 done, time used : 0.0 sec
INFO:__main__:2022-11-15 09:08:44.961456+08:00 : getting add & lose player 145, 飛起來 done, time used : 1.263500690460205 sec
INFO:__main__:2022-11-15 09:08:45.109881+08:00 : getting add & lose player 146, 鬥地主 done, time used : 0.14842486381530762 sec
INFO:__main__:2022-11-15 09:08:45.115751+08:00 : getting add & lose player 147, 鑽飽寶 done, time used : 0.00587010383605957 sec
INFO:__main__:2022-11-15 09:08:45.227099+08:00 : getting add & lose player 148, 聖誕來了 done, time used : 0.11037063598632812 sec
INFO:__main__:2022-11-15 09:08:45.227099+08:00 : getting add & lose player 149, 惡魔偵探 done, time used : 0.0 sec
INFO:__main__:2022-11-15 09:08:45.227099+08:00 : getting add & lose player 150, 雷神托爾 done, time used : 0.0 sec
INFO:__main__:2022-11-15 09:08:45.227099+08:00 : getting add & lose player 151, 財神 done, time used : 0.0 sec
INFO:__main__:2022-11-15 09:08:45.242660+08:00 : getting add & lose player 152, 羅馬競技場 done, time used : 0.015560626983642578 sec
INFO:__main__:2022-11-15 09:08:45.242660+08:00 : getting add & lose player 153, 金銀島2 done, time used : 0.0 sec
INFO:__main__:2022-11-15 09:08:45.242660+08:00 : getting add & lose player 154, 開心農場 done, time used : 0.0 sec
INFO:__main__:2022-11-15 09:08:45.305147+08:00 : getting add & lose player 155, 聖誕故事 done, time used : 0.062486886978149414 sec
INFO:__main__:2022-11-15 09:08:45.732893+08:00 : getting add & lose player 156, 直式跳起來2 done, time used : 0.4277458190917969 sec
INFO:__main__:2022-11-15 09:08:46.643442+08:00 : getting add & lose player 157, 直式五福臨門 done, time used : 0.9095840454101562 sec
INFO:__main__:2022-11-15 09:08:47.664841+08:00 : getting add & lose player 158, 直式宙斯 done, time used : 1.0213987827301025 sec
INFO:__main__:2022-11-15 09:08:49.745736+08:00 : getting add & lose player 159, 直式蹦迪 done, time used : 2.08089542388916 sec
INFO:__main__:2022-11-15 09:08:50.166170+08:00 : getting add & lose player 160, 直式火燒連環船 done, time used : 0.42043352127075195 sec
INFO:__main__:2022-11-15 09:08:51.846681+08:00 : getting add & lose player 161, 直式武聖 done, time used : 1.6805109977722168 sec
INFO:__main__:2022-11-15 09:08:52.461374+08:00 : getting add & lose player 162, 直式金雞報喜2 done, time used : 0.6146936416625977 sec
INFO:__main__:2022-11-15 09:08:53.850891+08:00 : getting add & lose player 163, 直式發財神 done, time used : 1.389517068862915 sec
INFO:__main__:2022-11-15 09:08:59.243060+08:00 : getting add & lose player 164, 直式鴻福齊天 done, time used : 5.392169237136841 sec
INFO:__main__:2022-11-15 09:08:59.621502+08:00 : getting add & lose player 165, 直式金雞報喜 done, time used : 0.37844085693359375 sec
INFO:__main__:2022-11-15 09:08:59.748384+08:00 : getting add & lose player 167, 德州撲克 done, time used : 0.12688255310058594 sec
INFO:__main__:2022-11-15 09:08:59.890979+08:00 : getting add & lose player 168, 萬人牛牛 done, time used : 0.1425950527191162 sec
INFO:__main__:2022-11-15 09:08:59.890979+08:00 : getting add & lose player 171, 喵喵 done, time used : 0.0 sec
INFO:__main__:2022-11-15 09:08:59.890979+08:00 : getting add & lose player 172, 喪屍大餐 done, time used : 0.0 sec
INFO:__main__:2022-11-15 09:08:59.899278+08:00 : getting add & lose player 173, 異外來客 done, time used : 0.008298873901367188 sec
INFO:__main__:2022-11-15 09:08:59.996425+08:00 : getting add & lose player 174, 豬的運氣 done, time used : 0.09714674949645996 sec
INFO:__main__:2022-11-15 09:09:00.001337+08:00 : getting add & lose player 175, 快樂水果機 done, time used : 0.003928184509277344 sec
INFO:__main__:2022-11-15 09:09:01.641821+08:00 : getting add & lose player 176, 飛天財神 done, time used : 1.6395132541656494 sec
INFO:__main__:2022-11-15 09:09:02.362006+08:00 : getting add & lose player 177, 夢遊仙境 done, time used : 0.7192080020904541 sec
INFO:__main__:2022-11-15 09:09:02.936142+08:00 : getting add & lose player 178, 老司機 done, time used : 0.5741357803344727 sec
INFO:__main__:2022-11-15 09:09:03.561615+08:00 : getting add & lose player 179, 印加祖瑪 done, time used : 0.6254737377166748 sec
INFO:__main__:2022-11-15 09:09:03.701238+08:00 : getting add & lose player 180, 百家樂 done, time used : 0.13962316513061523 sec
INFO:__main__:2022-11-15 09:09:03.705161+08:00 : getting add & lose player 181, 海霸龍 done, time used : 0.0029506683349609375 sec
INFO:__main__:2022-11-15 09:09:03.763745+08:00 : getting add & lose player 182, 妙筆生財 done, time used : 0.05858349800109863 sec
INFO:__main__:2022-11-15 09:09:03.820869+08:00 : getting add & lose player 183, 喵財進寶 done, time used : 0.05712413787841797 sec
INFO:__main__:2022-11-15 09:09:03.898947+08:00 : getting add & lose player 184, 此地無銀三百兩 done, time used : 0.0780785083770752 sec
INFO:__main__:2022-11-15 09:09:03.945888+08:00 : getting add & lose player 185, 鬥地主經典版 done, time used : 0.04694032669067383 sec
INFO:__main__:2022-11-15 09:09:04.008334+08:00 : getting add & lose player 186, 魚躍龍門 done, time used : 0.06244635581970215 sec
INFO:__main__:2022-11-15 09:09:04.069367+08:00 : getting add & lose player 187, 叢林寶藏 done, time used : 0.06103229522705078 sec
INFO:__main__:2022-11-15 09:09:04.106472+08:00 : getting add & lose player 188, 功夫小神通 done, time used : 0.03710579872131348 sec
INFO:__main__:2022-11-15 09:09:04.665507+08:00 : getting add & lose player 189, 盜法老墓 done, time used : 0.5580568313598633 sec
INFO:__main__:2022-11-15 09:09:06.189338+08:00 : getting add & lose player 190, 鎖象無敵 done, time used : 1.5238306522369385 sec
INFO:__main__:2022-11-15 09:09:06.305523+08:00 : getting add & lose player 192, 運氣靴 done, time used : 0.11618542671203613 sec
INFO:__main__:2022-11-15 09:09:07.682376+08:00 : getting add & lose player 193, 冰雪女王 done, time used : 1.3768529891967773 sec
INFO:__main__:2022-11-15 09:09:09.468856+08:00 : getting add & lose player 194, 東方神起 done, time used : 1.786480188369751 sec
INFO:__main__:2022-11-15 09:09:09.480588+08:00 : getting add & lose player 195, 東方發發發 done, time used : 0.011731147766113281 sec
INFO:__main__:2022-11-15 09:09:09.483513+08:00 : getting add & lose player 196, 東方傳奇 done, time used : 0.0029251575469970703 sec
INFO:__main__:2022-11-15 09:09:09.539187+08:00 : getting add & lose player 198, 瘋狂馬戲團 done, time used : 0.05470633506774902 sec
INFO:__main__:2022-11-15 09:09:09.542118+08:00 : getting add & lose player 199, 鴻運龍 done, time used : 0.002931356430053711 sec
INFO:__main__:2022-11-15 09:09:09.544075+08:00 : getting add & lose player 200, 五路財神 done, time used : 0.001956462860107422 sec
INFO:__main__:2022-11-15 09:09:09.546004+08:00 : getting add & lose player 201, 官將首 done, time used : 0.0019295215606689453 sec
INFO:__main__:2022-11-15 09:09:09.681764+08:00 : getting add & lose player 204, 博樂麻將 done, time used : 0.1357593536376953 sec
INFO:__main__:2022-11-15 09:09:09.762772+08:00 : getting add & lose player 205, 點石成金 done, time used : 0.08005118370056152 sec
INFO:__main__:2022-11-15 09:09:09.896560+08:00 : getting add & lose player 207, BK搶莊牛牛 done, time used : 0.1337878704071045 sec
INFO:__main__:2022-11-15 09:09:10.029375+08:00 : getting add & lose player 209, BK三公 done, time used : 0.13281488418579102 sec
INFO:__main__:2022-11-15 09:09:10.163159+08:00 : getting add & lose player 210, BK二八槓 done, time used : 0.13378453254699707 sec
INFO:__main__:2022-11-15 09:09:10.295959+08:00 : getting add & lose player 211, BK德州撲克 done, time used : 0.13279962539672852 sec
INFO:__main__:2022-11-15 09:09:10.430193+08:00 : getting add & lose player 212, BK龍虎鬥 done, time used : 0.13423418998718262 sec
INFO:__main__:2022-11-15 09:09:10.494176+08:00 : getting add & lose player 213, 馴龍高手 done, time used : 0.06398320198059082 sec
INFO:__main__:2022-11-15 09:09:10.497164+08:00 : getting add & lose player 214, 火燒辦公處 done, time used : 0.0029878616333007812 sec
INFO:__main__:2022-11-15 09:09:10.499068+08:00 : getting add & lose player 215, 廁所囧境 done, time used : 0.0019044876098632812 sec
INFO:__main__:2022-11-15 09:09:10.543958+08:00 : getting add & lose player 216, 愛琴海 done, time used : 0.04488945007324219 sec
INFO:__main__:2022-11-15 09:09:10.549838+08:00 : getting add & lose player 221, 轉珠豬 done, time used : 0.0058803558349609375 sec
INFO:__main__:2022-11-15 09:09:11.619594+08:00 : getting add & lose player 222, 轉大錢 done, time used : 1.0697557926177979 sec
INFO:__main__:2022-11-15 09:09:12.357811+08:00 : getting add & lose player 223, 偷金妹子 done, time used : 0.7382164001464844 sec
INFO:__main__:2022-11-15 09:09:14.344970+08:00 : getting add & lose player 224, 火燒連環船2 done, time used : 1.9866700172424316 sec
INFO:__main__:2022-11-15 09:09:18.400814+08:00 : getting add & lose player 225, 一炮捕魚 done, time used : 4.055844068527222 sec
INFO:__main__:2022-11-15 09:09:18.560971+08:00 : getting add & lose player 227, 骰寶 done, time used : 0.1601572036743164 sec
INFO:__main__:2022-11-15 09:09:18.642990+08:00 : getting add & lose player 228, 財富幽靈 done, time used : 0.08105921745300293 sec
INFO:__main__:2022-11-15 09:09:18.716249+08:00 : getting add & lose player 229, 黃金瑪雅 done, time used : 0.07227921485900879 sec
INFO:__main__:2022-11-15 09:09:19.270389+08:00 : getting add & lose player 230, 再喵一個 done, time used : 0.5541396141052246 sec
INFO:__main__:2022-11-15 09:09:19.793783+08:00 : getting add & lose player 231, 奔跑吧猛獸 done, time used : 0.5233933925628662 sec
INFO:__main__:2022-11-15 09:09:21.572942+08:00 : getting add & lose player 232, 跳過來 done, time used : 1.7791597843170166 sec
INFO:__main__:2022-11-15 09:09:21.587588+08:00 : getting add & lose player 233, 家裡有礦 done, time used : 0.01464533805847168 sec
INFO:__main__:2022-11-15 09:09:21.721364+08:00 : getting add & lose player 234, CQ9區塊鏈百家樂 done, time used : 0.13281941413879395 sec
INFO:__main__:2022-11-15 09:09:21.724300+08:00 : getting add & lose player 235, 雷霆戰機 done, time used : 0.0029363632202148438 sec
INFO:__main__:2022-11-15 09:09:21.757521+08:00 : getting add & lose player 236, 鬥地主升級版 done, time used : 0.033220529556274414 sec
INFO:__main__:2022-11-15 09:09:21.818999+08:00 : getting add & lose player 237, 寶蓮燈 done, time used : 0.0614776611328125 sec
INFO:__main__:2022-11-15 09:09:21.855125+08:00 : getting add & lose player 238, 馬戲團連連發 done, time used : 0.03514695167541504 sec
INFO:__main__:2022-11-15 09:09:21.892260+08:00 : getting add & lose player 239, 幸運傳奇 done, time used : 0.03613567352294922 sec
INFO:__main__:2022-11-15 09:09:22.878990+08:00 : getting add & lose player 240, 火神 done, time used : 0.9867303371429443 sec
INFO:__main__:2022-11-15 09:09:23.976536+08:00 : getting add & lose player 241, 發財福娃 done, time used : 1.097545862197876 sec
INFO:__main__:2022-11-15 09:09:23.993127+08:00 : getting add & lose player 242, 印金工廠 done, time used : 0.01659107208251953 sec
INFO:__main__:2022-11-15 09:09:24.875868+08:00 : getting add & lose player 243, 五形拳 done, time used : 0.8827409744262695 sec
INFO:__main__:2022-11-15 09:09:25.543317+08:00 : getting add & lose player 244, 鑽更多 done, time used : 0.6674497127532959 sec
INFO:__main__:2022-11-15 09:09:26.305636+08:00 : getting add & lose player 245, 有如神柱 done, time used : 0.7623181343078613 sec
INFO:__main__:2022-11-15 09:09:26.383604+08:00 : getting add & lose player 246, 8級颱風 done, time used : 0.07796859741210938 sec
INFO:__main__:2022-11-15 09:09:26.430490+08:00 : getting add & lose player 247, 守株待兔 done, time used : 0.04688620567321777 sec
INFO:__main__:2022-11-15 09:09:26.492937+08:00 : getting add & lose player 248, 財運亨通 done, time used : 0.06244659423828125 sec
INFO:__main__:2022-11-15 09:09:26.539852+08:00 : getting add & lose player 249, 鵲橋 done, time used : 0.04691457748413086 sec
INFO:__main__:2022-11-15 09:09:26.602334+08:00 : getting add & lose player 250, 麻將小福星 done, time used : 0.062482595443725586 sec
INFO:__main__:2022-11-15 09:09:26.690202+08:00 : getting add & lose player 251, 僵屍的寶藏 done, time used : 0.08786773681640625 sec
INFO:__main__:2022-11-15 09:09:28.319470+08:00 : getting add & lose player 252, 花開富貴 done, time used : 1.6292684078216553 sec
INFO:__main__:2022-11-15 09:09:29.410677+08:00 : getting add & lose player 253, 九連寶燈 done, time used : 1.0912060737609863 sec
INFO:__main__:2022-11-15 09:09:29.462962+08:00 : getting add & lose player 254, 貪吃貓 done, time used : 0.052285194396972656 sec
INFO:__main__:2022-11-15 09:09:29.504927+08:00 : getting add & lose player 255, 五運 done, time used : 0.041965484619140625 sec
INFO:__main__:2022-11-15 09:09:29.537168+08:00 : getting add & lose player 256, 生肖傳奇 done, time used : 0.032241106033325195 sec
INFO:__main__:2022-11-15 09:09:29.566920+08:00 : getting add & lose player 257, 媽祖傳奇 done, time used : 0.029752016067504883 sec
INFO:__main__:2022-11-15 09:09:29.637756+08:00 : getting add & lose player 258, 隔壁王二不曾偷 done, time used : 0.07083582878112793 sec
INFO:__main__:2022-11-15 09:09:29.681941+08:00 : getting add & lose player 259, 富貴金雞 done, time used : 0.04418468475341797 sec
INFO:__main__:2022-11-15 09:09:30.816351+08:00 : getting add & lose player 260, 六顆糖 done, time used : 1.1344101428985596 sec
INFO:__main__:2022-11-15 09:09:30.911568+08:00 : getting add & lose player 261, 囍 done, time used : 0.09521746635437012 sec
INFO:__main__:2022-11-15 09:09:30.911568+08:00 : getting add & lose player 262, 龍舟 done, time used : 0.0 sec
INFO:__main__:2022-11-15 09:09:31.774251+08:00 : getting add & lose player 263, 壽星大發 done, time used : 0.862682580947876 sec
INFO:__main__:2022-11-15 09:09:32.669268+08:00 : getting add & lose player 264, 雙飛 done, time used : 0.8950166702270508 sec
INFO:__main__:2022-11-15 09:09:32.711375+08:00 : getting add & lose player 265, 汪財進寶 done, time used : 0.04210686683654785 sec
INFO:__main__:2022-11-15 09:09:32.758564+08:00 : getting add & lose player 266, 五鬼運財 done, time used : 0.04718971252441406 sec
INFO:__main__:2022-11-15 09:09:33.717514+08:00 : getting add & lose player 268, 宙斯他爹 done, time used : 0.9589498043060303 sec
INFO:__main__:2022-11-15 09:09:33.728291+08:00 : getting add & lose player 269, 龍虎水果機 done, time used : 0.009808778762817383 sec
INFO:__main__:2022-11-15 09:09:36.605480+08:00 : getting add & lose player 270, 發財神2 done, time used : 2.8771889209747314 sec
INFO:__main__:2022-11-15 09:09:36.753370+08:00 : getting add & lose player 271, 血战到底 done, time used : 0.1478898525238037 sec
INFO:__main__:2022-11-15 09:09:36.892055+08:00 : getting add & lose player 272, 斗地主 done, time used : 0.1386854648590088 sec
INFO:__main__:2022-11-15 09:09:37.024356+08:00 : getting add & lose player 273, 二人麻将 done, time used : 0.13130545616149902 sec
INFO:__main__:2022-11-15 09:09:37.149336+08:00 : getting add & lose player 274, 炸金花 done, time used : 0.12497997283935547 sec
INFO:__main__:2022-11-15 09:09:37.196249+08:00 : getting add & lose player 275, 八仙傳奇 done, time used : 0.046913862228393555 sec
INFO:__main__:2022-11-15 09:09:37.774356+08:00 : getting add & lose player 277, 哪吒再臨 done, time used : 0.5781068801879883 sec
INFO:__main__:2022-11-15 09:09:39.440692+08:00 : getting add & lose player 278, 大力神 done, time used : 1.6663353443145752 sec
INFO:__main__:2022-11-15 09:09:39.451434+08:00 : getting add & lose player 280, 上海再次旋轉 done, time used : 0.00973820686340332 sec
INFO:__main__:2022-11-15 09:09:39.453387+08:00 : getting add & lose player 281, CQ9體育 done, time used : 0.0019528865814208984 sec
INFO:__main__:2022-11-15 09:09:39.455338+08:00 : getting add & lose player 282, 美女與野獸 done, time used : 0.0019512176513671875 sec
INFO:__main__:2022-11-15 09:09:39.457294+08:00 : getting add & lose player 283, 幸運星 done, time used : 0.001955270767211914 sec
INFO:__main__:2022-11-15 09:09:39.459251+08:00 : getting add & lose player 284, 豪運十倍 done, time used : 0.0009758472442626953 sec
INFO:__main__:2022-11-15 09:09:39.460235+08:00 : getting add & lose player 285, 贏光派對 done, time used : 0.0009839534759521484 sec
INFO:__main__:2022-11-15 09:09:39.462194+08:00 : getting add & lose player 286, 猪事大吉 done, time used : 0.0019588470458984375 sec
INFO:__main__:2022-11-15 09:09:39.464133+08:00 : getting add & lose player 287, 中國錦鯉 done, time used : 0.0019383430480957031 sec
INFO:__main__:2022-11-15 09:09:39.465161+08:00 : getting add & lose player 288, 福祿壽 done, time used : 0.001028299331665039 sec
INFO:__main__:2022-11-15 09:09:39.467060+08:00 : getting add & lose player 289, 財神賓果 done, time used : 0.0009324550628662109 sec
INFO:__main__:2022-11-15 09:09:39.469028+08:00 : getting add & lose player 292, 東方福獸 done, time used : 0.0019676685333251953 sec
INFO:__main__:2022-11-15 09:09:40.103714+08:00 : getting add & lose player 295, 666 done, time used : 0.6346862316131592 sec
INFO:__main__:2022-11-15 09:09:41.587021+08:00 : getting add & lose player 296, 希臘眾神 done, time used : 1.4833076000213623 sec
INFO:__main__:2022-11-15 09:09:42.805643+08:00 : getting add & lose player 297, 金雞報囍3 done, time used : 1.2186217308044434 sec
INFO:__main__:2022-11-15 09:09:42.816409+08:00 : getting add & lose player 298, 水果連連看 done, time used : 0.010766267776489258 sec
INFO:__main__:2022-11-15 09:09:48.477622+08:00 : getting add & lose player 299, 跳高高2 done, time used : 5.66121244430542 sec
INFO:__main__:2022-11-15 09:09:48.509857+08:00 : getting add & lose player 300, 瘋狂賺鈔票 done, time used : 0.032234907150268555 sec
INFO:__main__:2022-11-15 09:09:48.512781+08:00 : getting add & lose player 301, 雷電戰機 done, time used : 0.002924203872680664 sec
INFO:__main__:2022-11-15 09:09:48.575750+08:00 : getting add & lose player 302, 齊天大聖 done, time used : 0.06199526786804199 sec
INFO:__main__:2022-11-15 09:09:48.752938+08:00 : getting add & lose player 303, 水滸傳 done, time used : 0.17621803283691406 sec
INFO:__main__:2022-11-15 09:09:48.784709+08:00 : getting add & lose player 304, 野蠻世界 done, time used : 0.031770944595336914 sec
INFO:__main__:2022-11-15 09:09:48.836972+08:00 : getting add & lose player 305, 新潘金蓮 done, time used : 0.052262067794799805 sec
INFO:__main__:2022-11-15 09:09:48.911657+08:00 : getting add & lose player 306, 武媚娘 done, time used : 0.06351232528686523 sec
INFO:__main__:2022-11-15 09:09:48.944884+08:00 : getting add & lose player 307, 魔豆 done, time used : 0.033226728439331055 sec
INFO:__main__:2022-11-15 09:09:48.995642+08:00 : getting add & lose player 308, 打虎英雄 done, time used : 0.0498049259185791 sec
INFO:__main__:2022-11-15 09:09:49.025132+08:00 : getting add & lose player 309, 笑彌勒 done, time used : 0.029489994049072266 sec
INFO:__main__:2022-11-15 09:09:49.056655+08:00 : getting add & lose player 310, 熊貓大俠 done, time used : 0.031522512435913086 sec
INFO:__main__:2022-11-15 09:09:49.093747+08:00 : getting add & lose player 311, 神話 done, time used : 0.037091970443725586 sec
INFO:__main__:2022-11-15 09:09:49.150577+08:00 : getting add & lose player 312, 勝利島 done, time used : 0.05683016777038574 sec
INFO:__main__:2022-11-15 09:09:49.182123+08:00 : getting add & lose player 313, 哪吒 done, time used : 0.03154587745666504 sec
INFO:__main__:2022-11-15 09:09:49.213867+08:00 : getting add & lose player 314, 大福星 done, time used : 0.03174424171447754 sec
INFO:__main__:2022-11-15 09:09:49.292981+08:00 : getting add & lose player 315, 福神報喜 done, time used : 0.07911324501037598 sec
INFO:__main__:2022-11-15 09:09:49.324736+08:00 : getting add & lose player 316, 白蛇傳奇 done, time used : 0.03175544738769531 sec
INFO:__main__:2022-11-15 09:09:49.378397+08:00 : getting add & lose player 317, 錦鯉祥龍 done, time used : 0.053661346435546875 sec
INFO:__main__:2022-11-15 09:09:49.586872+08:00 : getting add & lose player 318, 歡樂德州 done, time used : 0.20847463607788086 sec
INFO:__main__:2022-11-15 09:09:51.118985+08:00 : getting add & lose player 319, 雷神2 done, time used : 1.5321133136749268 sec
INFO:__main__:2022-11-15 09:09:51.957826+08:00 : getting add & lose player 320, 野狼Disco done, time used : 0.8388407230377197 sec
INFO:__main__:2022-11-15 09:09:51.965613+08:00 : getting add & lose player 321, 亞洲女神 done, time used : 0.00676417350769043 sec
INFO:__main__:2022-11-15 09:09:51.967558+08:00 : getting add & lose player 322, 雪野生 done, time used : 0.0009677410125732422 sec
INFO:__main__:2022-11-15 09:09:51.969523+08:00 : getting add & lose player 323, 艾拉的財富 done, time used : 0.0009808540344238281 sec
INFO:__main__:2022-11-15 09:09:53.779441+08:00 : getting add & lose player 324, 歡樂捕魚 done, time used : 1.809917688369751 sec
INFO:__main__:2022-11-15 09:09:53.937636+08:00 : getting add & lose player 325, 血戰骰盅 done, time used : 0.15819549560546875 sec
INFO:__main__:2022-11-15 09:09:54.057236+08:00 : getting add & lose player 326, 血流成河 done, time used : 0.1195991039276123 sec
INFO:__main__:2022-11-15 09:09:54.199829+08:00 : getting add & lose player 327, 二十一點 done, time used : 0.1425931453704834 sec
INFO:__main__:2022-11-15 09:09:54.400041+08:00 : getting add & lose player 328, 六顆扭蛋 done, time used : 0.20021295547485352 sec
INFO:__main__:2022-11-15 09:09:54.405859+08:00 : getting add & lose player 329, 不太可能的王室 done, time used : 0.005817413330078125 sec
INFO:__main__:2022-11-15 09:09:54.540610+08:00 : getting add & lose player 330, CQ9 真人 done, time used : 0.1347508430480957 sec
INFO:__main__:2022-11-15 09:09:54.842331+08:00 : getting add & lose player 331, 詠春 done, time used : 0.30172109603881836 sec
INFO:__main__:2022-11-15 09:09:55.711616+08:00 : getting add & lose player 332, 板球狂热 done, time used : 0.8692855834960938 sec
INFO:__main__:2022-11-15 09:09:55.867176+08:00 : getting add & lose player 333, 招財龍小鋼珠 done, time used : 0.15556001663208008 sec
INFO:__main__:2022-11-15 09:09:56.184531+08:00 : getting add & lose player 334, 搶莊骰子牛牛 done, time used : 0.317354679107666 sec
INFO:__main__:2022-11-15 09:09:56.187527+08:00 : getting add & lose player 335, 水滸劈魚 done, time used : 0.002995729446411133 sec
INFO:__main__:2022-11-15 09:09:56.190403+08:00 : getting add & lose player 336, 火爆德甲 done, time used : 0.0028765201568603516 sec
INFO:__main__:2022-11-15 09:09:56.668391+08:00 : getting add & lose player 337, 龍珠 done, time used : 0.47798752784729004 sec
INFO:__main__:2022-11-15 09:09:56.668391+08:00 : getting add & lose player 338, 英超爭霸 done, time used : 0.0 sec
INFO:__main__:2022-11-15 09:09:57.506218+08:00 : getting add & lose player 339, 火之女王2 done, time used : 0.8246581554412842 sec
INFO:__main__:2022-11-15 09:09:57.514018+08:00 : getting add & lose player 340, 激戰歐洲杯 done, time used : 0.007800102233886719 sec
INFO:__main__:2022-11-15 09:09:57.516014+08:00 : getting add & lose player 341, 球星聯盟 done, time used : 0.0009927749633789062 sec
INFO:__main__:2022-11-15 09:09:57.517919+08:00 : getting add & lose player 342, 決勝西甲 done, time used : 0.0009720325469970703 sec
INFO:__main__:2022-11-15 09:09:58.257102+08:00 : getting add & lose player 343, 飛龍在天 done, time used : 0.7381958961486816 sec
INFO:__main__:2022-11-15 09:09:58.586710+08:00 : getting add & lose player 600, 搶莊瞇牌牛牛 done, time used : 0.3296079635620117 sec
INFO:__main__:2022-11-15 09:09:58.696061+08:00 : getting add & lose player 603, 奔馳寶馬 done, time used : 0.10935115814208984 sec
INFO:__main__:2022-11-15 09:09:59.513884+08:00 : getting add & lose player 604, 富貴象 done, time used : 0.8178236484527588 sec
INFO:__main__:2022-11-15 09:10:00.342889+08:00 : getting add & lose player 605, 十倍金喜 done, time used : 0.8290047645568848 sec
INFO:__main__:2022-11-15 09:10:00.358530+08:00 : getting add & lose player 606, 叢林秘寶 done, time used : 0.015640735626220703 sec
INFO:__main__:2022-11-15 09:10:01.446824+08:00 : getting add & lose player 612, 大發財 done, time used : 1.0882933139801025 sec
INFO:__main__:2022-11-15 09:10:02.351070+08:00 : getting add & lose player 613, 大紅中 done, time used : 0.9042468070983887 sec
INFO:__main__:2022-11-15 09:10:02.874446+08:00 : getting add & lose player 614, 大鬧天宮 done, time used : 0.5233759880065918 sec
INFO:__main__:2022-11-15 09:10:03.015081+08:00 : getting add & lose player 642, 龍虎鬥 done, time used : 0.13966083526611328 sec
INFO:__main__:2022-11-15 09:10:03.391087+08:00 : getting add & lose player 643, 盤龍秘寶 done, time used : 0.3760058879852295 sec
INFO:__main__:2022-11-15 09:10:03.398834+08:00 : getting add & lose player 644, 金龍彩 done, time used : 0.007747173309326172 sec
INFO:__main__:2022-11-15 09:10:03.436918+08:00 : getting add & lose player 645, 孫二娘 done, time used : 0.038083791732788086 sec
INFO:__main__:2022-11-15 09:10:03.469125+08:00 : getting add & lose player 646, 花木蘭 done, time used : 0.03220701217651367 sec
INFO:__main__:2022-11-15 09:10:03.499404+08:00 : getting add & lose player 647, 神偷 done, time used : 0.030279159545898438 sec
INFO:__main__:2022-11-15 09:10:03.523977+08:00 : getting add & lose player 648, 精靈 done, time used : 0.024573564529418945 sec
INFO:__main__:2022-11-15 09:10:03.559951+08:00 : getting add & lose player 649, 豹子頭 done, time used : 0.02395486831665039 sec
INFO:__main__:2022-11-15 09:10:03.599016+08:00 : getting add & lose player 650, 西遊記 done, time used : 0.039064645767211914 sec
INFO:__main__:2022-11-15 09:10:03.621455+08:00 : getting add & lose player 651, 百變龍 done, time used : 0.0214693546295166 sec
INFO:__main__:2022-11-15 09:10:03.638047+08:00 : getting add & lose player 652, 叢林島 done, time used : 0.01659226417541504 sec
INFO:__main__:2022-11-15 09:10:03.829479+08:00 : getting add & lose player 654, 歡樂潑水節 done, time used : 0.19143176078796387 sec
INFO:__main__:2022-11-15 09:10:04.179034+08:00 : getting add & lose player 655, 跑跑愛麗絲 done, time used : 0.34955549240112305 sec
INFO:__main__:2022-11-15 09:10:04.705377+08:00 : getting add & lose player 656, 甜蜜暴擊 done, time used : 0.5253708362579346 sec
INFO:__main__:2022-11-15 09:10:04.844997+08:00 : getting add & lose player 759, 博丁 done, time used : 0.1396193504333496 sec
INFO:__main__:2022-11-15 09:10:07.108002+08:00 : getting add & lose player 760, 金錢樹 done, time used : 2.2620174884796143 sec
INFO:__main__:2022-11-15 09:10:07.728083+08:00 : getting add & lose player 761, 泰式骰寶 done, time used : 0.6200809478759766 sec
INFO:__main__:2022-11-15 09:10:08.012747+08:00 : getting add & lose player 762, 小愛神 done, time used : 0.2846641540527344 sec
INFO:__main__:2022-11-15 09:10:08.344700+08:00 : getting add & lose player 763, 亞星真人 done, time used : 0.3319525718688965 sec
INFO:__main__:2022-11-15 09:10:08.542004+08:00 : getting add & lose player 764, 嗚嘎嚇嘎 done, time used : 0.19730472564697266 sec
INFO:__main__:2022-11-15 09:10:08.979946+08:00 : getting add & lose player 765, 火爆西遊 done, time used : 0.4379410743713379 sec
INFO:__main__:2022-11-15 09:10:09.120071+08:00 : getting add & lose player 766, 迷你輪盤 done, time used : 0.14012551307678223 sec
INFO:__main__:2022-11-15 09:10:09.211849+08:00 : getting add & lose player 773, 龍龍龍 done, time used : 0.09177803993225098 sec
INFO:__main__:2022-11-15 09:10:09.446708+08:00 : getting add & lose player 774, 忍者浣熊 done, time used : 0.23485827445983887 sec
INFO:__main__:2022-11-15 09:10:09.785538+08:00 : getting add & lose player 775, 龍珠推幤機 done, time used : 0.33883023262023926 sec
INFO:__main__:2022-11-15 09:10:10.027713+08:00 : getting add & lose player 778, 辣爆了 done, time used : 0.24217534065246582 sec
INFO:__main__:2022-11-15 09:10:10.219575+08:00 : getting add & lose player 779, 3 2 1 發射 done, time used : 0.1918621063232422 sec
INFO:__main__:2022-11-15 09:10:11.005170+08:00 : getting add & lose player 781, 海王 done, time used : 0.7855949401855469 sec
INFO:__main__:2022-11-15 09:10:11.105286+08:00 : getting add & lose player 782, 彩猴賓果 done, time used : 0.10011601448059082 sec
INFO:__main__:2022-11-15 09:10:11.321067+08:00 : getting add & lose player 830, 色碟 done, time used : 0.21479582786560059 sec
INFO:__main__:2022-11-15 09:10:11.492924+08:00 : getting add & lose player 831, 怪獸獵人 done, time used : 0.17185711860656738 sec
INFO:__main__:2022-11-15 09:10:11.558391+08:00 : getting add & lose player 832, 牛牛牛 done, time used : 0.06447672843933105 sec
INFO:__main__:2022-11-15 09:10:11.605746+08:00 : getting add & lose player 833, 拉霸777 done, time used : 0.047354936599731445 sec
INFO:__main__:2022-11-15 09:10:11.608687+08:00 : getting add & lose player 834, CQ9 彩票 done, time used : 0.0029408931732177734 sec
INFO:__main__:2022-11-15 09:10:11.858627+08:00 : getting add & lose player 835, 麻將水果盤 done, time used : 0.2499401569366455 sec
INFO:__main__:2022-11-15 09:10:12.906877+08:00 : getting add & lose player 836, 小伙與神燈 done, time used : 1.0482499599456787 sec
INFO:__main__:2022-11-15 09:10:13.494787+08:00 : getting add & lose player 837, 富貴小象神 done, time used : 0.5879104137420654 sec
INFO:__main__:2022-11-15 09:10:13.624110+08:00 : getting add & lose player 838, 龍來發 done, time used : 0.12838506698608398 sec
INFO:__main__:2022-11-15 09:10:13.921946+08:00 : getting add & lose player 839, 達拉崩吧 done, time used : 0.29683470726013184 sec
INFO:__main__:2022-11-15 09:10:14.460029+08:00 : getting add & lose player 840, 金猩特調 done, time used : 0.5370981693267822 sec
INFO:__main__:2022-11-15 09:10:14.756871+08:00 : getting add & lose player 841, 加倍鬥地主 done, time used : 0.296842098236084 sec
INFO:__main__:2022-11-15 09:10:14.812505+08:00 : getting add & lose player 842, 鑽石水果 done, time used : 0.0556333065032959 sec
INFO:__main__:2022-11-15 09:10:14.874026+08:00 : getting add & lose player 843, 浴水則發 done, time used : 0.06052589416503906 sec
INFO:__main__:2022-11-15 09:10:15.058565+08:00 : getting add & lose player 844, 好好味 done, time used : 0.1845386028289795 sec
INFO:__main__:2022-11-15 09:10:15.062491+08:00 : getting add & lose player 849, 這市集絕了 done, time used : 0.003925800323486328 sec
INFO:__main__:2022-11-15 09:10:15.624955+08:00 : getting add & lose player 850, 水上泰神祈 done, time used : 0.5624637603759766 sec
INFO:__main__:2022-11-15 09:10:16.061923+08:00 : getting add & lose player 851, 轉轉金幣 done, time used : 0.4369683265686035 sec
INFO:__main__:2022-11-15 09:10:16.173766+08:00 : getting add & lose player 852, 招財祥龍 done, time used : 0.11184310913085938 sec
INFO:__main__:2022-11-15 09:10:16.189831+08:00 : getting add & lose player 853, 跑跑愛麗絲JP done, time used : 0.016065120697021484 sec
INFO:__main__:2022-11-15 09:10:17.649233+08:00 : getting add & lose player 854, 英雄捕魚 done, time used : 1.4594013690948486 sec
INFO:__main__:2022-11-15 09:10:18.211649+08:00 : getting add & lose player 855, 熱音DJ done, time used : 0.5624160766601562 sec
INFO:__main__:2022-11-15 09:10:18.976764+08:00 : getting add & lose player 856, 金鯉敲鐘 done, time used : 0.76511549949646 sec
INFO:__main__:2022-11-15 09:10:19.986918+08:00 : getting add & lose player 857, 百戲 done, time used : 1.0101542472839355 sec
INFO:__main__:2022-11-15 09:10:20.134363+08:00 : getting add & lose player 858, 冰冰樂 done, time used : 0.1474442481994629 sec
INFO:__main__:2022-11-15 09:10:20.589894+08:00 : getting add & lose player 860, 泰式魚蝦蟹 done, time used : 0.45455098152160645 sec
INFO:__main__:2022-11-15 09:10:21.180165+08:00 : getting add & lose player 861, 多虎多財 done, time used : 0.5892956256866455 sec
INFO:__main__:2022-11-15 09:10:22.130822+08:00 : getting add & lose player 862, 財迷小妖 done, time used : 0.9482219219207764 sec
INFO:__main__:2022-11-15 09:10:22.201186+08:00 : getting add & lose player 863, 開心抓蟲 done, time used : 0.07036423683166504 sec
INFO:__main__:2022-11-15 09:10:22.478902+08:00 : getting add & lose player 864, 冒險島 done, time used : 0.2767970561981201 sec
INFO:__main__:2022-11-15 09:10:22.874844+08:00 : getting add & lose player 865, 泰式博丁 done, time used : 0.39594244956970215 sec
INFO:__main__:2022-11-15 09:10:24.403625+08:00 : getting add & lose player 866, 發發發財神 done, time used : 1.528780460357666 sec
INFO:__main__:2022-11-15 09:10:24.872319+08:00 : getting add & lose player 867, 足球狂熱 done, time used : 0.46869397163391113 sec
INFO:__main__:2022-11-15 09:10:25.587057+08:00 : getting add & lose player 868, 魔鏡魔鏡 done, time used : 0.7147378921508789 sec
INFO:__main__:2022-11-15 09:10:25.604192+08:00 : getting add & lose player 869, 動博體育 done, time used : 0.017134904861450195 sec
INFO:__main__:2022-11-15 09:10:25.922126+08:00 : getting add & lose player 870, Motivation done, time used : 0.3179347515106201 sec
INFO:__main__:2022-11-15 09:10:27.173888+08:00 : getting add & lose player 871, 不夜城 done, time used : 1.2517614364624023 sec
INFO:__main__:2022-11-15 09:10:27.285203+08:00 : getting add & lose player 872, 通比花鬪牌 done, time used : 0.11131525039672852 sec
INFO:__main__:2022-11-15 09:10:28.397907+08:00 : getting add & lose player 873, 鳴梁 done, time used : 1.112703800201416 sec
INFO:__main__:2022-11-15 09:10:29.368520+08:00 : getting add & lose player 874, 棒球狂熱 done, time used : 0.9706127643585205 sec
INFO:__main__:2022-11-15 09:10:30.237097+08:00 : getting add & lose player 875, 直式足球狂熱 done, time used : 0.8675973415374756 sec
INFO:__main__:2022-11-15 09:10:30.253722+08:00 : getting add & lose player 876, 狂野前鋒 done, time used : 0.015626192092895508 sec
INFO:__main__:2022-11-15 09:10:30.389461+08:00 : getting add & lose player 877, 單挑麻將 done, time used : 0.13573861122131348 sec
