INFO:mysql.connector.authentication:package: mysql.connector.plugins
INFO:mysql.connector.authentication:plugin_name: caching_sha2_password
INFO:mysql.connector.authentication:AUTHENTICATION_PLUGIN_CLASS: MySQLCachingSHA2PasswordAuthPlugin
INFO:__main__:2022-11-16 13:32:45.359015+08:00 : connecting the cursor
INFO:__main__:2022-11-16 13:32:45.359015+08:00 : executing query
INFO:__main__:2022-11-16 13:32:45.359015+08:00 : Start to fetch all the gid set!
INFO:__main__:2022-11-16 13:32:45.367896+08:00 : prepare to fetch date
INFO:__main__:2022-11-16 13:32:45.367896+08:00 : getting user_game
INFO:__main__:2022-11-16 13:33:27.628235+08:00 : getting user_game done, time used : 42.25311732292175 sec
INFO:__main__:2022-11-16 13:33:27.629203+08:00 : getting player yesterday
INFO:__main__:2022-11-16 13:33:27.748811+08:00 : getting player yesterday done, time used : 0.12057638168334961 sec
INFO:__main__:2022-11-16 13:33:27.748811+08:00 : getting h5 round
INFO:__main__:2022-11-16 13:33:36.634880+08:00 : getting h5 round done, time.used : 8.886069297790527 sec
INFO:__main__:2022-11-16 13:33:36.634880+08:00 : getting user total play time
INFO:__main__:2022-11-16 13:34:32.867897+08:00 : getting user total play time done , time used : 56.23301672935486 sec
INFO:__main__:2022-11-16 13:34:32.867897+08:00 : getting add & lose player
INFO:__main__:2022-11-16 13:35:03.613616+08:00 : getting add & lose player done, time used : 30.745718717575073 sec
INFO:__main__:2022-11-16 13:35:08.170893+08:00 : time used for query 2.38004994392395 minutes
INFO:__main__:2022-11-16 13:35:08.211844+08:00 : ALL done
INFO:__main__:2022-11-16 13:35:08.234353+08:00 : THB done
INFO:__main__:2022-11-16 13:35:08.250415+08:00 : IDR done
INFO:__main__:2022-11-16 13:35:08.297810+08:00 : CNY done
INFO:__main__:2022-11-16 13:35:08.329531+08:00 : VND done
INFO:__main__:2022-11-16 13:35:08.345618+08:00 : KRW done
INFO:__main__:2022-11-16 13:35:08.377367+08:00 : query done, time : 2.385046672821045 minutes
INFO:__main__:2022-11-16 13:35:08.377367+08:00 : prepare to import into excel
INFO:__main__:2022-11-16 13:35:09.243021+08:00 : 2022-11-14_report_by_game_daily.xlsx import complete, time : 0.8656535148620605 sec
