INFO:__main__:config done!
INFO:__main__:connecting the cursor
INFO:__main__:Start to fetch all the gid set!
INFO:__main__:prepare to fetch date
INFO:__main__:2022-09-24 00:00:00, gid=39:镖王争霸 doesn't have player at currency=ALL
INFO:__main__:2022-09-24 00:00:00, gid=40:水球大战 doesn't have player at currency=ALL
INFO:__main__:2022-09-24 00:00:00, gid=47:莲 doesn't have player at currency=ALL
INFO:__main__:2022-09-24 00:00:00, gid=53:摆脱 doesn't have player at currency=ALL
INFO:__main__:2022-09-24 00:00:00, gid=60:非常钻 doesn't have player at currency=ALL
INFO:__main__:2022-09-24 00:00:00, gid=62:虎虎虎 doesn't have player at currency=ALL
INFO:__main__:2022-09-24 00:00:00, gid=69:皇金渔场2 doesn't have player at currency=ALL
INFO:__main__:2022-09-24 00:00:00, gid=80:战西游 doesn't have player at currency=ALL
INFO:__main__:2022-09-24 00:00:00, gid=85:疯狂派对 doesn't have player at currency=ALL
INFO:__main__:2022-09-24 00:00:00, gid=89:足球世界杯 doesn't have player at currency=ALL
INFO:__main__:2022-09-24 00:00:00, gid=91:世界杯明星 doesn't have player at currency=ALL
INFO:__main__:2022-09-24 00:00:00, gid=92:世界杯球衣 doesn't have player at currency=ALL
INFO:__main__:2022-09-24 00:00:00, gid=101:火爆辣椒 doesn't have player at currency=ALL
INFO:__main__:2022-09-24 00:00:00, gid=108:烈焰红唇 doesn't have player at currency=ALL
INFO:__main__:2022-09-24 00:00:00, gid=109:招财进宝 doesn't have player at currency=ALL
INFO:__main__:2022-09-24 00:00:00, gid=110:幸运招财猫 doesn't have player at currency=ALL
INFO:__main__:2022-09-24 00:00:00, gid=111:捕鱼去喽 doesn't have player at currency=ALL
INFO:__main__:2022-09-24 00:00:00, gid=112:旺财 doesn't have player at currency=ALL
INFO:__main__:2022-09-24 00:00:00, gid=113:埃及艳后 doesn't have player at currency=ALL
INFO:__main__:2022-09-24 00:00:00, gid=114:美人鱼传说 doesn't have player at currency=ALL
INFO:__main__:2022-09-24 00:00:00, gid=116:牛牛抢红包 doesn't have player at currency=ALL
INFO:__main__:2022-09-24 00:00:00, gid=119:抢庄牛牛 doesn't have player at currency=ALL
INFO:__main__:2022-09-24 00:00:00, gid=120:超级百人牛牛 doesn't have player at currency=ALL
INFO:__main__:2022-09-24 00:00:00, gid=121:加倍斗地主 doesn't have player at currency=ALL
INFO:__main__:2022-09-24 00:00:00, gid=124:横转跳高高 doesn't have player at currency=ALL
INFO:__main__:2022-09-24 00:00:00, gid=130:百人牛牛 doesn't have player at currency=ALL
INFO:__main__:2022-09-24 00:00:00, gid=133:横转跳起来 doesn't have player at currency=ALL
INFO:__main__:2022-09-24 00:00:00, gid=134:飞单跳起来 doesn't have player at currency=ALL
INFO:__main__:2022-09-24 00:00:00, gid=135:飞单跳高高 doesn't have player at currency=ALL
INFO:__main__:2022-09-24 00:00:00, gid=137:四川麻将 doesn't have player at currency=ALL
INFO:__main__:2022-09-24 00:00:00, gid=144:钓鱼高手 doesn't have player at currency=ALL
INFO:__main__:2022-09-24 00:00:00, gid=146:斗地主 doesn't have player at currency=ALL
INFO:__main__:2022-09-24 00:00:00, gid=149:恶魔侦探 doesn't have player at currency=ALL
INFO:__main__:2022-09-24 00:00:00, gid=150:雷神托尔 doesn't have player at currency=ALL
INFO:__main__:2022-09-24 00:00:00, gid=151:财神 doesn't have player at currency=ALL
INFO:__main__:2022-09-24 00:00:00, gid=152:罗马竞技场 doesn't have player at currency=ALL
INFO:__main__:2022-09-24 00:00:00, gid=153:金银岛2 doesn't have player at currency=ALL
INFO:__main__:2022-09-24 00:00:00, gid=154:开心农场 doesn't have player at currency=ALL
INFO:__main__:2022-09-24 00:00:00, gid=167:德州扑克 doesn't have player at currency=ALL
INFO:__main__:2022-09-24 00:00:00, gid=168:万人牛牛 doesn't have player at currency=ALL
INFO:__main__:2022-09-24 00:00:00, gid=171:喵喵 doesn't have player at currency=ALL
INFO:__main__:2022-09-24 00:00:00, gid=172:丧尸大餐 doesn't have player at currency=ALL
INFO:__main__:2022-09-24 00:00:00, gid=173:异外来客 doesn't have player at currency=ALL
INFO:__main__:2022-09-24 00:00:00, gid=175:快乐水果机 doesn't have player at currency=ALL
INFO:__main__:2022-09-24 00:00:00, gid=180:百家乐 doesn't have player at currency=ALL
INFO:__main__:2022-09-24 00:00:00, gid=181:海霸龙 doesn't have player at currency=ALL
INFO:__main__:2022-09-24 00:00:00, gid=195:东方发发发 doesn't have player at currency=ALL
INFO:__main__:2022-09-24 00:00:00, gid=199:鸿运龙 doesn't have player at currency=ALL
INFO:__main__:2022-09-24 00:00:00, gid=200:五路财神 doesn't have player at currency=ALL
INFO:__main__:2022-09-24 00:00:00, gid=201:官将首 doesn't have player at currency=ALL
INFO:__main__:2022-09-24 00:00:00, gid=204:博乐麻将 doesn't have player at currency=ALL
INFO:__main__:2022-09-24 00:00:00, gid=207:BK抢庄牛牛 doesn't have player at currency=ALL
INFO:__main__:2022-09-24 00:00:00, gid=209:BK三公 doesn't have player at currency=ALL
INFO:__main__:2022-09-24 00:00:00, gid=210:BK二八杠 doesn't have player at currency=ALL
INFO:__main__:2022-09-24 00:00:00, gid=211:BK德州扑克 doesn't have player at currency=ALL
INFO:__main__:2022-09-24 00:00:00, gid=212:BK龙虎斗 doesn't have player at currency=ALL
INFO:__main__:2022-09-24 00:00:00, gid=214:火烧办公处 doesn't have player at currency=ALL
INFO:__main__:2022-09-24 00:00:00, gid=215:厕所囧境 doesn't have player at currency=ALL
INFO:__main__:2022-09-24 00:00:00, gid=227:骰宝 doesn't have player at currency=ALL
INFO:__main__:2022-09-24 00:00:00, gid=234:CQ9区块链百家乐 doesn't have player at currency=ALL
INFO:__main__:2022-09-24 00:00:00, gid=235:雷霆战机 doesn't have player at currency=ALL
INFO:__main__:2022-09-24 00:00:00, gid=269:龙虎水果机 doesn't have player at currency=ALL
INFO:__main__:2022-09-24 00:00:00, gid=271:血戰到底 doesn't have player at currency=ALL
INFO:__main__:2022-09-24 00:00:00, gid=272:斗地主 doesn't have player at currency=ALL
INFO:__main__:2022-09-24 00:00:00, gid=273:二人麻将 doesn't have player at currency=ALL
INFO:__main__:2022-09-24 00:00:00, gid=274:炸金花 doesn't have player at currency=ALL
INFO:__main__:2022-09-24 00:00:00, gid=280:上海再次旋转 doesn't have player at currency=ALL
INFO:__main__:2022-09-24 00:00:00, gid=281:CQ9体育 doesn't have player at currency=ALL
INFO:__main__:2022-09-24 00:00:00, gid=282:美女与野兽 doesn't have player at currency=ALL
INFO:__main__:2022-09-24 00:00:00, gid=283:幸运星 doesn't have player at currency=ALL
INFO:__main__:2022-09-24 00:00:00, gid=284:豪运十倍 doesn't have player at currency=ALL
INFO:__main__:2022-09-24 00:00:00, gid=285:赢光派对 doesn't have player at currency=ALL
INFO:__main__:2022-09-24 00:00:00, gid=286:猪事大吉 doesn't have player at currency=ALL
INFO:__main__:2022-09-24 00:00:00, gid=287:中国锦鲤 doesn't have player at currency=ALL
INFO:__main__:2022-09-24 00:00:00, gid=288:福禄寿 doesn't have player at currency=ALL
INFO:__main__:2022-09-24 00:00:00, gid=289:财神宾果 doesn't have player at currency=ALL
INFO:__main__:2022-09-24 00:00:00, gid=292:东方福兽 doesn't have player at currency=ALL
INFO:__main__:2022-09-24 00:00:00, gid=298:水果连连看 doesn't have player at currency=ALL
INFO:__main__:2022-09-24 00:00:00, gid=300:疯狂赚钞票 doesn't have player at currency=ALL
INFO:__main__:2022-09-24 00:00:00, gid=301:雷电战机 doesn't have player at currency=ALL
INFO:__main__:2022-09-24 00:00:00, gid=318:欢乐德州 doesn't have player at currency=ALL
INFO:__main__:2022-09-24 00:00:00, gid=321:亚洲女神 doesn't have player at currency=ALL
INFO:__main__:2022-09-24 00:00:00, gid=322:雪野生 doesn't have player at currency=ALL
INFO:__main__:2022-09-24 00:00:00, gid=323:艾拉的财富 doesn't have player at currency=ALL
INFO:__main__:2022-09-24 00:00:00, gid=325:血战骰盅 doesn't have player at currency=ALL
INFO:__main__:2022-09-24 00:00:00, gid=326:血流成河 doesn't have player at currency=ALL
INFO:__main__:2022-09-24 00:00:00, gid=327:二十一点 doesn't have player at currency=ALL
INFO:__main__:2022-09-24 00:00:00, gid=329:不太可能的王室 doesn't have player at currency=ALL
INFO:__main__:2022-09-24 00:00:00, gid=330:CQ9 真人 doesn't have player at currency=ALL
INFO:__main__:2022-09-24 00:00:00, gid=335:水浒劈鱼 doesn't have player at currency=ALL
INFO:__main__:2022-09-24 00:00:00, gid=336:火爆德甲 doesn't have player at currency=ALL
INFO:__main__:2022-09-24 00:00:00, gid=338:英超争霸 doesn't have player at currency=ALL
INFO:__main__:2022-09-24 00:00:00, gid=340:激战欧洲杯 doesn't have player at currency=ALL
INFO:__main__:2022-09-24 00:00:00, gid=341:球星联盟 doesn't have player at currency=ALL
INFO:__main__:2022-09-24 00:00:00, gid=342:决胜西甲 doesn't have player at currency=ALL
INFO:__main__:2022-09-24 00:00:00, gid=606:丛林秘宝 doesn't have player at currency=ALL
INFO:__main__:2022-09-24 00:00:00, gid=642:龙虎斗 doesn't have player at currency=ALL
INFO:__main__:2022-09-24 00:00:00, gid=644:金龙彩 doesn't have player at currency=ALL
INFO:__main__:2022-09-24 00:00:00, gid=759:博丁 doesn't have player at currency=ALL
INFO:__main__:2022-09-24 00:00:00, gid=834:CQ9 彩票 doesn't have player at currency=ALL
INFO:__main__:2022-09-24 00:00:00, gid=849:这市集绝了 doesn't have player at currency=ALL
INFO:__main__:2022-09-24 00:00:00, gid=876:狂野前锋 doesn't have player at currency=ALL
INFO:__main__:2022-09-24 00:00:00, gid=39:镖王争霸 doesn't have player at currency=CNY
INFO:__main__:2022-09-24 00:00:00, gid=40:水球大战 doesn't have player at currency=CNY
INFO:__main__:2022-09-24 00:00:00, gid=47:莲 doesn't have player at currency=CNY
INFO:__main__:2022-09-24 00:00:00, gid=53:摆脱 doesn't have player at currency=CNY
INFO:__main__:2022-09-24 00:00:00, gid=60:非常钻 doesn't have player at currency=CNY
INFO:__main__:2022-09-24 00:00:00, gid=62:虎虎虎 doesn't have player at currency=CNY
INFO:__main__:2022-09-24 00:00:00, gid=69:皇金渔场2 doesn't have player at currency=CNY
INFO:__main__:2022-09-24 00:00:00, gid=80:战西游 doesn't have player at currency=CNY
INFO:__main__:2022-09-24 00:00:00, gid=85:疯狂派对 doesn't have player at currency=CNY
INFO:__main__:2022-09-24 00:00:00, gid=89:足球世界杯 doesn't have player at currency=CNY
INFO:__main__:2022-09-24 00:00:00, gid=91:世界杯明星 doesn't have player at currency=CNY
INFO:__main__:2022-09-24 00:00:00, gid=92:世界杯球衣 doesn't have player at currency=CNY
INFO:__main__:2022-09-24 00:00:00, gid=101:火爆辣椒 doesn't have player at currency=CNY
INFO:__main__:2022-09-24 00:00:00, gid=108:烈焰红唇 doesn't have player at currency=CNY
INFO:__main__:2022-09-24 00:00:00, gid=109:招财进宝 doesn't have player at currency=CNY
INFO:__main__:2022-09-24 00:00:00, gid=110:幸运招财猫 doesn't have player at currency=CNY
INFO:__main__:2022-09-24 00:00:00, gid=111:捕鱼去喽 doesn't have player at currency=CNY
INFO:__main__:2022-09-24 00:00:00, gid=112:旺财 doesn't have player at currency=CNY
INFO:__main__:2022-09-24 00:00:00, gid=113:埃及艳后 doesn't have player at currency=CNY
INFO:__main__:2022-09-24 00:00:00, gid=114:美人鱼传说 doesn't have player at currency=CNY
INFO:__main__:2022-09-24 00:00:00, gid=116:牛牛抢红包 doesn't have player at currency=CNY
INFO:__main__:2022-09-24 00:00:00, gid=119:抢庄牛牛 doesn't have player at currency=CNY
INFO:__main__:2022-09-24 00:00:00, gid=120:超级百人牛牛 doesn't have player at currency=CNY
INFO:__main__:2022-09-24 00:00:00, gid=121:加倍斗地主 doesn't have player at currency=CNY
INFO:__main__:2022-09-24 00:00:00, gid=124:横转跳高高 doesn't have player at currency=CNY
INFO:__main__:2022-09-24 00:00:00, gid=130:百人牛牛 doesn't have player at currency=CNY
INFO:__main__:2022-09-24 00:00:00, gid=133:横转跳起来 doesn't have player at currency=CNY
INFO:__main__:2022-09-24 00:00:00, gid=134:飞单跳起来 doesn't have player at currency=CNY
INFO:__main__:2022-09-24 00:00:00, gid=135:飞单跳高高 doesn't have player at currency=CNY
INFO:__main__:2022-09-24 00:00:00, gid=137:四川麻将 doesn't have player at currency=CNY
INFO:__main__:2022-09-24 00:00:00, gid=144:钓鱼高手 doesn't have player at currency=CNY
INFO:__main__:2022-09-24 00:00:00, gid=146:斗地主 doesn't have player at currency=CNY
INFO:__main__:2022-09-24 00:00:00, gid=149:恶魔侦探 doesn't have player at currency=CNY
INFO:__main__:2022-09-24 00:00:00, gid=150:雷神托尔 doesn't have player at currency=CNY
INFO:__main__:2022-09-24 00:00:00, gid=151:财神 doesn't have player at currency=CNY
INFO:__main__:2022-09-24 00:00:00, gid=152:罗马竞技场 doesn't have player at currency=CNY
INFO:__main__:2022-09-24 00:00:00, gid=153:金银岛2 doesn't have player at currency=CNY
INFO:__main__:2022-09-24 00:00:00, gid=154:开心农场 doesn't have player at currency=CNY
INFO:__main__:2022-09-24 00:00:00, gid=167:德州扑克 doesn't have player at currency=CNY
INFO:__main__:2022-09-24 00:00:00, gid=168:万人牛牛 doesn't have player at currency=CNY
INFO:__main__:2022-09-24 00:00:00, gid=171:喵喵 doesn't have player at currency=CNY
INFO:__main__:2022-09-24 00:00:00, gid=172:丧尸大餐 doesn't have player at currency=CNY
INFO:__main__:2022-09-24 00:00:00, gid=173:异外来客 doesn't have player at currency=CNY
INFO:__main__:2022-09-24 00:00:00, gid=175:快乐水果机 doesn't have player at currency=CNY
INFO:__main__:2022-09-24 00:00:00, gid=180:百家乐 doesn't have player at currency=CNY
INFO:__main__:2022-09-24 00:00:00, gid=181:海霸龙 doesn't have player at currency=CNY
INFO:__main__:2022-09-24 00:00:00, gid=195:东方发发发 doesn't have player at currency=CNY
INFO:__main__:2022-09-24 00:00:00, gid=199:鸿运龙 doesn't have player at currency=CNY
INFO:__main__:2022-09-24 00:00:00, gid=200:五路财神 doesn't have player at currency=CNY
INFO:__main__:2022-09-24 00:00:00, gid=201:官将首 doesn't have player at currency=CNY
INFO:__main__:2022-09-24 00:00:00, gid=204:博乐麻将 doesn't have player at currency=CNY
INFO:__main__:2022-09-24 00:00:00, gid=207:BK抢庄牛牛 doesn't have player at currency=CNY
INFO:__main__:2022-09-24 00:00:00, gid=209:BK三公 doesn't have player at currency=CNY
INFO:__main__:2022-09-24 00:00:00, gid=210:BK二八杠 doesn't have player at currency=CNY
INFO:__main__:2022-09-24 00:00:00, gid=211:BK德州扑克 doesn't have player at currency=CNY
INFO:__main__:2022-09-24 00:00:00, gid=212:BK龙虎斗 doesn't have player at currency=CNY
INFO:__main__:2022-09-24 00:00:00, gid=214:火烧办公处 doesn't have player at currency=CNY
INFO:__main__:2022-09-24 00:00:00, gid=215:厕所囧境 doesn't have player at currency=CNY
INFO:__main__:2022-09-24 00:00:00, gid=227:骰宝 doesn't have player at currency=CNY
INFO:__main__:2022-09-24 00:00:00, gid=234:CQ9区块链百家乐 doesn't have player at currency=CNY
INFO:__main__:2022-09-24 00:00:00, gid=235:雷霆战机 doesn't have player at currency=CNY
INFO:__main__:2022-09-24 00:00:00, gid=269:龙虎水果机 doesn't have player at currency=CNY
INFO:__main__:2022-09-24 00:00:00, gid=271:血戰到底 doesn't have player at currency=CNY
INFO:__main__:2022-09-24 00:00:00, gid=272:斗地主 doesn't have player at currency=CNY
INFO:__main__:2022-09-24 00:00:00, gid=273:二人麻将 doesn't have player at currency=CNY
INFO:__main__:2022-09-24 00:00:00, gid=274:炸金花 doesn't have player at currency=CNY
INFO:__main__:2022-09-24 00:00:00, gid=280:上海再次旋转 doesn't have player at currency=CNY
INFO:__main__:2022-09-24 00:00:00, gid=281:CQ9体育 doesn't have player at currency=CNY
INFO:__main__:2022-09-24 00:00:00, gid=282:美女与野兽 doesn't have player at currency=CNY
INFO:__main__:2022-09-24 00:00:00, gid=283:幸运星 doesn't have player at currency=CNY
INFO:__main__:2022-09-24 00:00:00, gid=284:豪运十倍 doesn't have player at currency=CNY
INFO:__main__:2022-09-24 00:00:00, gid=285:赢光派对 doesn't have player at currency=CNY
INFO:__main__:2022-09-24 00:00:00, gid=286:猪事大吉 doesn't have player at currency=CNY
INFO:__main__:2022-09-24 00:00:00, gid=287:中国锦鲤 doesn't have player at currency=CNY
INFO:__main__:2022-09-24 00:00:00, gid=288:福禄寿 doesn't have player at currency=CNY
INFO:__main__:2022-09-24 00:00:00, gid=289:财神宾果 doesn't have player at currency=CNY
INFO:__main__:2022-09-24 00:00:00, gid=292:东方福兽 doesn't have player at currency=CNY
INFO:__main__:2022-09-24 00:00:00, gid=298:水果连连看 doesn't have player at currency=CNY
INFO:__main__:2022-09-24 00:00:00, gid=300:疯狂赚钞票 doesn't have player at currency=CNY
INFO:__main__:2022-09-24 00:00:00, gid=301:雷电战机 doesn't have player at currency=CNY
INFO:__main__:2022-09-24 00:00:00, gid=318:欢乐德州 doesn't have player at currency=CNY
INFO:__main__:2022-09-24 00:00:00, gid=321:亚洲女神 doesn't have player at currency=CNY
INFO:__main__:2022-09-24 00:00:00, gid=322:雪野生 doesn't have player at currency=CNY
INFO:__main__:2022-09-24 00:00:00, gid=323:艾拉的财富 doesn't have player at currency=CNY
INFO:__main__:2022-09-24 00:00:00, gid=325:血战骰盅 doesn't have player at currency=CNY
INFO:__main__:2022-09-24 00:00:00, gid=326:血流成河 doesn't have player at currency=CNY
INFO:__main__:2022-09-24 00:00:00, gid=327:二十一点 doesn't have player at currency=CNY
INFO:__main__:2022-09-24 00:00:00, gid=329:不太可能的王室 doesn't have player at currency=CNY
INFO:__main__:2022-09-24 00:00:00, gid=330:CQ9 真人 doesn't have player at currency=CNY
INFO:__main__:2022-09-24 00:00:00, gid=335:水浒劈鱼 doesn't have player at currency=CNY
INFO:__main__:2022-09-24 00:00:00, gid=336:火爆德甲 doesn't have player at currency=CNY
INFO:__main__:2022-09-24 00:00:00, gid=338:英超争霸 doesn't have player at currency=CNY
INFO:__main__:2022-09-24 00:00:00, gid=340:激战欧洲杯 doesn't have player at currency=CNY
INFO:__main__:2022-09-24 00:00:00, gid=341:球星联盟 doesn't have player at currency=CNY
INFO:__main__:2022-09-24 00:00:00, gid=342:决胜西甲 doesn't have player at currency=CNY
INFO:__main__:2022-09-24 00:00:00, gid=606:丛林秘宝 doesn't have player at currency=CNY
INFO:__main__:2022-09-24 00:00:00, gid=642:龙虎斗 doesn't have player at currency=CNY
INFO:__main__:2022-09-24 00:00:00, gid=644:金龙彩 doesn't have player at currency=CNY
INFO:__main__:2022-09-24 00:00:00, gid=759:博丁 doesn't have player at currency=CNY
INFO:__main__:2022-09-24 00:00:00, gid=834:CQ9 彩票 doesn't have player at currency=CNY
INFO:__main__:2022-09-24 00:00:00, gid=849:这市集绝了 doesn't have player at currency=CNY
INFO:__main__:2022-09-24 00:00:00, gid=869:动博体育 doesn't have player at currency=CNY
INFO:__main__:2022-09-24 00:00:00, gid=876:狂野前锋 doesn't have player at currency=CNY
INFO:__main__:2022-09-24 00:00:00, gid=6:1945 doesn't have player at currency=THB
INFO:__main__:2022-09-24 00:00:00, gid=11:梦游仙境2 doesn't have player at currency=THB
INFO:__main__:2022-09-24 00:00:00, gid=14:绝赢巫师 doesn't have player at currency=THB
INFO:__main__:2022-09-24 00:00:00, gid=18:雀王 doesn't have player at currency=THB
INFO:__main__:2022-09-24 00:00:00, gid=25:扑克拉霸 doesn't have player at currency=THB
INFO:__main__:2022-09-24 00:00:00, gid=28:食神 doesn't have player at currency=THB
INFO:__main__:2022-09-24 00:00:00, gid=30:三国序 doesn't have player at currency=THB
INFO:__main__:2022-09-24 00:00:00, gid=39:镖王争霸 doesn't have player at currency=THB
INFO:__main__:2022-09-24 00:00:00, gid=40:水球大战 doesn't have player at currency=THB
INFO:__main__:2022-09-24 00:00:00, gid=42:恭贺新禧 doesn't have player at currency=THB
INFO:__main__:2022-09-24 00:00:00, gid=44:超级发 doesn't have player at currency=THB
INFO:__main__:2022-09-24 00:00:00, gid=47:莲 doesn't have player at currency=THB
INFO:__main__:2022-09-24 00:00:00, gid=52:来电99 doesn't have player at currency=THB
INFO:__main__:2022-09-24 00:00:00, gid=53:摆脱 doesn't have player at currency=THB
INFO:__main__:2022-09-24 00:00:00, gid=56:黯夜公爵 doesn't have player at currency=THB
INFO:__main__:2022-09-24 00:00:00, gid=60:非常钻 doesn't have player at currency=THB
INFO:__main__:2022-09-24 00:00:00, gid=61:寻龙诀 doesn't have player at currency=THB
INFO:__main__:2022-09-24 00:00:00, gid=62:虎虎虎 doesn't have player at currency=THB
INFO:__main__:2022-09-24 00:00:00, gid=68:万兽之王 doesn't have player at currency=THB
INFO:__main__:2022-09-24 00:00:00, gid=69:皇金渔场2 doesn't have player at currency=THB
INFO:__main__:2022-09-24 00:00:00, gid=72:金宝熊 doesn't have player at currency=THB
INFO:__main__:2022-09-24 00:00:00, gid=80:战西游 doesn't have player at currency=THB
INFO:__main__:2022-09-24 00:00:00, gid=85:疯狂派对 doesn't have player at currency=THB
INFO:__main__:2022-09-24 00:00:00, gid=87:奇幻魔术 doesn't have player at currency=THB
INFO:__main__:2022-09-24 00:00:00, gid=89:足球世界杯 doesn't have player at currency=THB
INFO:__main__:2022-09-24 00:00:00, gid=91:世界杯明星 doesn't have player at currency=THB
INFO:__main__:2022-09-24 00:00:00, gid=92:世界杯球衣 doesn't have player at currency=THB
INFO:__main__:2022-09-24 00:00:00, gid=95:世界杯球场 doesn't have player at currency=THB
INFO:__main__:2022-09-24 00:00:00, gid=101:火爆辣椒 doesn't have player at currency=THB
INFO:__main__:2022-09-24 00:00:00, gid=108:烈焰红唇 doesn't have player at currency=THB
INFO:__main__:2022-09-24 00:00:00, gid=109:招财进宝 doesn't have player at currency=THB
INFO:__main__:2022-09-24 00:00:00, gid=110:幸运招财猫 doesn't have player at currency=THB
INFO:__main__:2022-09-24 00:00:00, gid=111:捕鱼去喽 doesn't have player at currency=THB
INFO:__main__:2022-09-24 00:00:00, gid=112:旺财 doesn't have player at currency=THB
INFO:__main__:2022-09-24 00:00:00, gid=113:埃及艳后 doesn't have player at currency=THB
INFO:__main__:2022-09-24 00:00:00, gid=114:美人鱼传说 doesn't have player at currency=THB
INFO:__main__:2022-09-24 00:00:00, gid=115:集电宝 doesn't have player at currency=THB
INFO:__main__:2022-09-24 00:00:00, gid=116:牛牛抢红包 doesn't have player at currency=THB
INFO:__main__:2022-09-24 00:00:00, gid=117:金喜鹊桥 doesn't have player at currency=THB
INFO:__main__:2022-09-24 00:00:00, gid=119:抢庄牛牛 doesn't have player at currency=THB
INFO:__main__:2022-09-24 00:00:00, gid=120:超级百人牛牛 doesn't have player at currency=THB
INFO:__main__:2022-09-24 00:00:00, gid=121:加倍斗地主 doesn't have player at currency=THB
INFO:__main__:2022-09-24 00:00:00, gid=124:横转跳高高 doesn't have player at currency=THB
INFO:__main__:2022-09-24 00:00:00, gid=125:宾果消消消 doesn't have player at currency=THB
INFO:__main__:2022-09-24 00:00:00, gid=126:星星消消乐 doesn't have player at currency=THB
INFO:__main__:2022-09-24 00:00:00, gid=130:百人牛牛 doesn't have player at currency=THB
INFO:__main__:2022-09-24 00:00:00, gid=133:横转跳起来 doesn't have player at currency=THB
INFO:__main__:2022-09-24 00:00:00, gid=134:飞单跳起来 doesn't have player at currency=THB
INFO:__main__:2022-09-24 00:00:00, gid=135:飞单跳高高 doesn't have player at currency=THB
INFO:__main__:2022-09-24 00:00:00, gid=137:四川麻将 doesn't have player at currency=THB
INFO:__main__:2022-09-24 00:00:00, gid=144:钓鱼高手 doesn't have player at currency=THB
INFO:__main__:2022-09-24 00:00:00, gid=146:斗地主 doesn't have player at currency=THB
INFO:__main__:2022-09-24 00:00:00, gid=147:钻饱宝 doesn't have player at currency=THB
INFO:__main__:2022-09-24 00:00:00, gid=149:恶魔侦探 doesn't have player at currency=THB
INFO:__main__:2022-09-24 00:00:00, gid=150:雷神托尔 doesn't have player at currency=THB
INFO:__main__:2022-09-24 00:00:00, gid=151:财神 doesn't have player at currency=THB
INFO:__main__:2022-09-24 00:00:00, gid=152:罗马竞技场 doesn't have player at currency=THB
INFO:__main__:2022-09-24 00:00:00, gid=153:金银岛2 doesn't have player at currency=THB
INFO:__main__:2022-09-24 00:00:00, gid=154:开心农场 doesn't have player at currency=THB
INFO:__main__:2022-09-24 00:00:00, gid=167:德州扑克 doesn't have player at currency=THB
INFO:__main__:2022-09-24 00:00:00, gid=168:万人牛牛 doesn't have player at currency=THB
INFO:__main__:2022-09-24 00:00:00, gid=171:喵喵 doesn't have player at currency=THB
INFO:__main__:2022-09-24 00:00:00, gid=172:丧尸大餐 doesn't have player at currency=THB
INFO:__main__:2022-09-24 00:00:00, gid=173:异外来客 doesn't have player at currency=THB
INFO:__main__:2022-09-24 00:00:00, gid=175:快乐水果机 doesn't have player at currency=THB
INFO:__main__:2022-09-24 00:00:00, gid=180:百家乐 doesn't have player at currency=THB
INFO:__main__:2022-09-24 00:00:00, gid=181:海霸龙 doesn't have player at currency=THB
INFO:__main__:2022-09-24 00:00:00, gid=182:妙笔生财 doesn't have player at currency=THB
INFO:__main__:2022-09-24 00:00:00, gid=183:喵财进宝 doesn't have player at currency=THB
INFO:__main__:2022-09-24 00:00:00, gid=184:此地无银三百两 doesn't have player at currency=THB
INFO:__main__:2022-09-24 00:00:00, gid=185:斗地主经典版 doesn't have player at currency=THB
INFO:__main__:2022-09-24 00:00:00, gid=186:鱼跃龙门 doesn't have player at currency=THB
INFO:__main__:2022-09-24 00:00:00, gid=187:丛林宝藏 doesn't have player at currency=THB
INFO:__main__:2022-09-24 00:00:00, gid=188:功夫小神通 doesn't have player at currency=THB
INFO:__main__:2022-09-24 00:00:00, gid=195:东方发发发 doesn't have player at currency=THB
INFO:__main__:2022-09-24 00:00:00, gid=196:东方传奇 doesn't have player at currency=THB
INFO:__main__:2022-09-24 00:00:00, gid=199:鸿运龙 doesn't have player at currency=THB
INFO:__main__:2022-09-24 00:00:00, gid=200:五路财神 doesn't have player at currency=THB
INFO:__main__:2022-09-24 00:00:00, gid=201:官将首 doesn't have player at currency=THB
INFO:__main__:2022-09-24 00:00:00, gid=204:博乐麻将 doesn't have player at currency=THB
INFO:__main__:2022-09-24 00:00:00, gid=205:点石成金 doesn't have player at currency=THB
INFO:__main__:2022-09-24 00:00:00, gid=207:BK抢庄牛牛 doesn't have player at currency=THB
INFO:__main__:2022-09-24 00:00:00, gid=209:BK三公 doesn't have player at currency=THB
INFO:__main__:2022-09-24 00:00:00, gid=210:BK二八杠 doesn't have player at currency=THB
INFO:__main__:2022-09-24 00:00:00, gid=211:BK德州扑克 doesn't have player at currency=THB
INFO:__main__:2022-09-24 00:00:00, gid=212:BK龙虎斗 doesn't have player at currency=THB
INFO:__main__:2022-09-24 00:00:00, gid=214:火烧办公处 doesn't have player at currency=THB
INFO:__main__:2022-09-24 00:00:00, gid=215:厕所囧境 doesn't have player at currency=THB
INFO:__main__:2022-09-24 00:00:00, gid=216:爱琴海 doesn't have player at currency=THB
INFO:__main__:2022-09-24 00:00:00, gid=221:转珠猪 doesn't have player at currency=THB
INFO:__main__:2022-09-24 00:00:00, gid=227:骰宝 doesn't have player at currency=THB
INFO:__main__:2022-09-24 00:00:00, gid=233:家里有矿 doesn't have player at currency=THB
INFO:__main__:2022-09-24 00:00:00, gid=234:CQ9区块链百家乐 doesn't have player at currency=THB
INFO:__main__:2022-09-24 00:00:00, gid=235:雷霆战机 doesn't have player at currency=THB
INFO:__main__:2022-09-24 00:00:00, gid=236:鬥地主升級版 doesn't have player at currency=THB
INFO:__main__:2022-09-24 00:00:00, gid=237:宝莲灯 doesn't have player at currency=THB
INFO:__main__:2022-09-24 00:00:00, gid=238:马戏团连连发 doesn't have player at currency=THB
INFO:__main__:2022-09-24 00:00:00, gid=239:幸运传奇 doesn't have player at currency=THB
INFO:__main__:2022-09-24 00:00:00, gid=242:印金工厂 doesn't have player at currency=THB
INFO:__main__:2022-09-24 00:00:00, gid=246:8级台风 doesn't have player at currency=THB
INFO:__main__:2022-09-24 00:00:00, gid=247:守株待兔 doesn't have player at currency=THB
INFO:__main__:2022-09-24 00:00:00, gid=248:财运亨通 doesn't have player at currency=THB
INFO:__main__:2022-09-24 00:00:00, gid=249:鹊桥 doesn't have player at currency=THB
INFO:__main__:2022-09-24 00:00:00, gid=250:麻將小福星 doesn't have player at currency=THB
INFO:__main__:2022-09-24 00:00:00, gid=251:僵屍的寶藏 doesn't have player at currency=THB
INFO:__main__:2022-09-24 00:00:00, gid=254:贪吃猫 doesn't have player at currency=THB
INFO:__main__:2022-09-24 00:00:00, gid=255:五运 doesn't have player at currency=THB
INFO:__main__:2022-09-24 00:00:00, gid=256:生肖传奇 doesn't have player at currency=THB
INFO:__main__:2022-09-24 00:00:00, gid=257:妈祖传奇 doesn't have player at currency=THB
INFO:__main__:2022-09-24 00:00:00, gid=258:隔壁王二不曾偷 doesn't have player at currency=THB
INFO:__main__:2022-09-24 00:00:00, gid=259:富贵金鸡 doesn't have player at currency=THB
INFO:__main__:2022-09-24 00:00:00, gid=261:囍 doesn't have player at currency=THB
INFO:__main__:2022-09-24 00:00:00, gid=262:龙舟 doesn't have player at currency=THB
INFO:__main__:2022-09-24 00:00:00, gid=265:汪财进宝 doesn't have player at currency=THB
INFO:__main__:2022-09-24 00:00:00, gid=266:五鬼运财 doesn't have player at currency=THB
INFO:__main__:2022-09-24 00:00:00, gid=269:龙虎水果机 doesn't have player at currency=THB
INFO:__main__:2022-09-24 00:00:00, gid=271:血戰到底 doesn't have player at currency=THB
INFO:__main__:2022-09-24 00:00:00, gid=272:斗地主 doesn't have player at currency=THB
INFO:__main__:2022-09-24 00:00:00, gid=273:二人麻将 doesn't have player at currency=THB
INFO:__main__:2022-09-24 00:00:00, gid=274:炸金花 doesn't have player at currency=THB
INFO:__main__:2022-09-24 00:00:00, gid=275:八仙传奇 doesn't have player at currency=THB
INFO:__main__:2022-09-24 00:00:00, gid=280:上海再次旋转 doesn't have player at currency=THB
INFO:__main__:2022-09-24 00:00:00, gid=281:CQ9体育 doesn't have player at currency=THB
INFO:__main__:2022-09-24 00:00:00, gid=282:美女与野兽 doesn't have player at currency=THB
INFO:__main__:2022-09-24 00:00:00, gid=283:幸运星 doesn't have player at currency=THB
INFO:__main__:2022-09-24 00:00:00, gid=284:豪运十倍 doesn't have player at currency=THB
INFO:__main__:2022-09-24 00:00:00, gid=285:赢光派对 doesn't have player at currency=THB
INFO:__main__:2022-09-24 00:00:00, gid=286:猪事大吉 doesn't have player at currency=THB
INFO:__main__:2022-09-24 00:00:00, gid=287:中国锦鲤 doesn't have player at currency=THB
INFO:__main__:2022-09-24 00:00:00, gid=288:福禄寿 doesn't have player at currency=THB
INFO:__main__:2022-09-24 00:00:00, gid=289:财神宾果 doesn't have player at currency=THB
INFO:__main__:2022-09-24 00:00:00, gid=292:东方福兽 doesn't have player at currency=THB
INFO:__main__:2022-09-24 00:00:00, gid=298:水果连连看 doesn't have player at currency=THB
INFO:__main__:2022-09-24 00:00:00, gid=300:疯狂赚钞票 doesn't have player at currency=THB
INFO:__main__:2022-09-24 00:00:00, gid=301:雷电战机 doesn't have player at currency=THB
INFO:__main__:2022-09-24 00:00:00, gid=302:齐天大圣 doesn't have player at currency=THB
INFO:__main__:2022-09-24 00:00:00, gid=303:水浒传 doesn't have player at currency=THB
INFO:__main__:2022-09-24 00:00:00, gid=304:野蛮世界 doesn't have player at currency=THB
INFO:__main__:2022-09-24 00:00:00, gid=305:新潘金莲 doesn't have player at currency=THB
INFO:__main__:2022-09-24 00:00:00, gid=306:武媚娘 doesn't have player at currency=THB
INFO:__main__:2022-09-24 00:00:00, gid=307:魔豆 doesn't have player at currency=THB
INFO:__main__:2022-09-24 00:00:00, gid=308:打虎英雄 doesn't have player at currency=THB
INFO:__main__:2022-09-24 00:00:00, gid=309:笑弥勒 doesn't have player at currency=THB
INFO:__main__:2022-09-24 00:00:00, gid=310:熊猫大侠 doesn't have player at currency=THB
INFO:__main__:2022-09-24 00:00:00, gid=311:神话 doesn't have player at currency=THB
INFO:__main__:2022-09-24 00:00:00, gid=312:胜利岛 doesn't have player at currency=THB
INFO:__main__:2022-09-24 00:00:00, gid=313:哪吒 doesn't have player at currency=THB
INFO:__main__:2022-09-24 00:00:00, gid=314:大福星 doesn't have player at currency=THB
INFO:__main__:2022-09-24 00:00:00, gid=315:福神报喜 doesn't have player at currency=THB
INFO:__main__:2022-09-24 00:00:00, gid=316:白蛇传奇 doesn't have player at currency=THB
INFO:__main__:2022-09-24 00:00:00, gid=317:锦鲤祥龙 doesn't have player at currency=THB
INFO:__main__:2022-09-24 00:00:00, gid=318:欢乐德州 doesn't have player at currency=THB
INFO:__main__:2022-09-24 00:00:00, gid=321:亚洲女神 doesn't have player at currency=THB
INFO:__main__:2022-09-24 00:00:00, gid=322:雪野生 doesn't have player at currency=THB
INFO:__main__:2022-09-24 00:00:00, gid=323:艾拉的财富 doesn't have player at currency=THB
INFO:__main__:2022-09-24 00:00:00, gid=325:血战骰盅 doesn't have player at currency=THB
INFO:__main__:2022-09-24 00:00:00, gid=326:血流成河 doesn't have player at currency=THB
INFO:__main__:2022-09-24 00:00:00, gid=327:二十一点 doesn't have player at currency=THB
INFO:__main__:2022-09-24 00:00:00, gid=329:不太可能的王室 doesn't have player at currency=THB
INFO:__main__:2022-09-24 00:00:00, gid=330:CQ9 真人 doesn't have player at currency=THB
INFO:__main__:2022-09-24 00:00:00, gid=335:水浒劈鱼 doesn't have player at currency=THB
INFO:__main__:2022-09-24 00:00:00, gid=336:火爆德甲 doesn't have player at currency=THB
INFO:__main__:2022-09-24 00:00:00, gid=338:英超争霸 doesn't have player at currency=THB
INFO:__main__:2022-09-24 00:00:00, gid=340:激战欧洲杯 doesn't have player at currency=THB
INFO:__main__:2022-09-24 00:00:00, gid=341:球星联盟 doesn't have player at currency=THB
INFO:__main__:2022-09-24 00:00:00, gid=342:决胜西甲 doesn't have player at currency=THB
INFO:__main__:2022-09-24 00:00:00, gid=606:丛林秘宝 doesn't have player at currency=THB
INFO:__main__:2022-09-24 00:00:00, gid=642:龙虎斗 doesn't have player at currency=THB
INFO:__main__:2022-09-24 00:00:00, gid=644:金龙彩 doesn't have player at currency=THB
INFO:__main__:2022-09-24 00:00:00, gid=645:孙二娘 doesn't have player at currency=THB
INFO:__main__:2022-09-24 00:00:00, gid=646:花木兰 doesn't have player at currency=THB
INFO:__main__:2022-09-24 00:00:00, gid=647:神偷 doesn't have player at currency=THB
INFO:__main__:2022-09-24 00:00:00, gid=648:精灵 doesn't have player at currency=THB
INFO:__main__:2022-09-24 00:00:00, gid=649:豹子头 doesn't have player at currency=THB
INFO:__main__:2022-09-24 00:00:00, gid=650:西游记 doesn't have player at currency=THB
INFO:__main__:2022-09-24 00:00:00, gid=651:百变龙 doesn't have player at currency=THB
INFO:__main__:2022-09-24 00:00:00, gid=652:丛林岛 doesn't have player at currency=THB
INFO:__main__:2022-09-24 00:00:00, gid=759:博丁 doesn't have player at currency=THB
INFO:__main__:2022-09-24 00:00:00, gid=834:CQ9 彩票 doesn't have player at currency=THB
INFO:__main__:2022-09-24 00:00:00, gid=841:加倍斗地主 doesn't have player at currency=THB
INFO:__main__:2022-09-24 00:00:00, gid=842:钻石水果 doesn't have player at currency=THB
INFO:__main__:2022-09-24 00:00:00, gid=843:浴水则發 doesn't have player at currency=THB
INFO:__main__:2022-09-24 00:00:00, gid=844:好好味 doesn't have player at currency=THB
INFO:__main__:2022-09-24 00:00:00, gid=849:这市集绝了 doesn't have player at currency=THB
INFO:__main__:2022-09-24 00:00:00, gid=858:冰冰乐 doesn't have player at currency=THB
INFO:__main__:2022-09-24 00:00:00, gid=863:开心抓虫 doesn't have player at currency=THB
INFO:__main__:2022-09-24 00:00:00, gid=876:狂野前锋 doesn't have player at currency=THB
INFO:__main__:2022-09-24 00:00:00, gid=6:1945 doesn't have player at currency=KRW
INFO:__main__:2022-09-24 00:00:00, gid=11:梦游仙境2 doesn't have player at currency=KRW
INFO:__main__:2022-09-24 00:00:00, gid=14:绝赢巫师 doesn't have player at currency=KRW
INFO:__main__:2022-09-24 00:00:00, gid=18:雀王 doesn't have player at currency=KRW
INFO:__main__:2022-09-24 00:00:00, gid=25:扑克拉霸 doesn't have player at currency=KRW
INFO:__main__:2022-09-24 00:00:00, gid=28:食神 doesn't have player at currency=KRW
INFO:__main__:2022-09-24 00:00:00, gid=30:三国序 doesn't have player at currency=KRW
INFO:__main__:2022-09-24 00:00:00, gid=39:镖王争霸 doesn't have player at currency=KRW
INFO:__main__:2022-09-24 00:00:00, gid=40:水球大战 doesn't have player at currency=KRW
INFO:__main__:2022-09-24 00:00:00, gid=42:恭贺新禧 doesn't have player at currency=KRW
INFO:__main__:2022-09-24 00:00:00, gid=44:超级发 doesn't have player at currency=KRW
INFO:__main__:2022-09-24 00:00:00, gid=47:莲 doesn't have player at currency=KRW
INFO:__main__:2022-09-24 00:00:00, gid=52:来电99 doesn't have player at currency=KRW
INFO:__main__:2022-09-24 00:00:00, gid=53:摆脱 doesn't have player at currency=KRW
INFO:__main__:2022-09-24 00:00:00, gid=56:黯夜公爵 doesn't have player at currency=KRW
INFO:__main__:2022-09-24 00:00:00, gid=60:非常钻 doesn't have player at currency=KRW
INFO:__main__:2022-09-24 00:00:00, gid=61:寻龙诀 doesn't have player at currency=KRW
INFO:__main__:2022-09-24 00:00:00, gid=62:虎虎虎 doesn't have player at currency=KRW
INFO:__main__:2022-09-24 00:00:00, gid=68:万兽之王 doesn't have player at currency=KRW
INFO:__main__:2022-09-24 00:00:00, gid=69:皇金渔场2 doesn't have player at currency=KRW
INFO:__main__:2022-09-24 00:00:00, gid=72:金宝熊 doesn't have player at currency=KRW
INFO:__main__:2022-09-24 00:00:00, gid=80:战西游 doesn't have player at currency=KRW
INFO:__main__:2022-09-24 00:00:00, gid=85:疯狂派对 doesn't have player at currency=KRW
INFO:__main__:2022-09-24 00:00:00, gid=87:奇幻魔术 doesn't have player at currency=KRW
INFO:__main__:2022-09-24 00:00:00, gid=89:足球世界杯 doesn't have player at currency=KRW
INFO:__main__:2022-09-24 00:00:00, gid=91:世界杯明星 doesn't have player at currency=KRW
INFO:__main__:2022-09-24 00:00:00, gid=92:世界杯球衣 doesn't have player at currency=KRW
INFO:__main__:2022-09-24 00:00:00, gid=95:世界杯球场 doesn't have player at currency=KRW
INFO:__main__:2022-09-24 00:00:00, gid=98:JP五福临门 doesn't have player at currency=KRW
INFO:__main__:2022-09-24 00:00:00, gid=99:JP赚金蛋 doesn't have player at currency=KRW
INFO:__main__:2022-09-24 00:00:00, gid=100:JP聚宝盆 doesn't have player at currency=KRW
INFO:__main__:2022-09-24 00:00:00, gid=101:火爆辣椒 doesn't have player at currency=KRW
INFO:__main__:2022-09-24 00:00:00, gid=108:烈焰红唇 doesn't have player at currency=KRW
INFO:__main__:2022-09-24 00:00:00, gid=109:招财进宝 doesn't have player at currency=KRW
INFO:__main__:2022-09-24 00:00:00, gid=110:幸运招财猫 doesn't have player at currency=KRW
INFO:__main__:2022-09-24 00:00:00, gid=111:捕鱼去喽 doesn't have player at currency=KRW
INFO:__main__:2022-09-24 00:00:00, gid=112:旺财 doesn't have player at currency=KRW
INFO:__main__:2022-09-24 00:00:00, gid=113:埃及艳后 doesn't have player at currency=KRW
INFO:__main__:2022-09-24 00:00:00, gid=114:美人鱼传说 doesn't have player at currency=KRW
INFO:__main__:2022-09-24 00:00:00, gid=115:集电宝 doesn't have player at currency=KRW
INFO:__main__:2022-09-24 00:00:00, gid=116:牛牛抢红包 doesn't have player at currency=KRW
INFO:__main__:2022-09-24 00:00:00, gid=117:金喜鹊桥 doesn't have player at currency=KRW
INFO:__main__:2022-09-24 00:00:00, gid=119:抢庄牛牛 doesn't have player at currency=KRW
INFO:__main__:2022-09-24 00:00:00, gid=120:超级百人牛牛 doesn't have player at currency=KRW
INFO:__main__:2022-09-24 00:00:00, gid=121:加倍斗地主 doesn't have player at currency=KRW
INFO:__main__:2022-09-24 00:00:00, gid=124:横转跳高高 doesn't have player at currency=KRW
INFO:__main__:2022-09-24 00:00:00, gid=125:宾果消消消 doesn't have player at currency=KRW
INFO:__main__:2022-09-24 00:00:00, gid=126:星星消消乐 doesn't have player at currency=KRW
INFO:__main__:2022-09-24 00:00:00, gid=130:百人牛牛 doesn't have player at currency=KRW
INFO:__main__:2022-09-24 00:00:00, gid=133:横转跳起来 doesn't have player at currency=KRW
INFO:__main__:2022-09-24 00:00:00, gid=134:飞单跳起来 doesn't have player at currency=KRW
INFO:__main__:2022-09-24 00:00:00, gid=135:飞单跳高高 doesn't have player at currency=KRW
INFO:__main__:2022-09-24 00:00:00, gid=137:四川麻将 doesn't have player at currency=KRW
INFO:__main__:2022-09-24 00:00:00, gid=144:钓鱼高手 doesn't have player at currency=KRW
INFO:__main__:2022-09-24 00:00:00, gid=146:斗地主 doesn't have player at currency=KRW
INFO:__main__:2022-09-24 00:00:00, gid=147:钻饱宝 doesn't have player at currency=KRW
INFO:__main__:2022-09-24 00:00:00, gid=149:恶魔侦探 doesn't have player at currency=KRW
INFO:__main__:2022-09-24 00:00:00, gid=150:雷神托尔 doesn't have player at currency=KRW
INFO:__main__:2022-09-24 00:00:00, gid=151:财神 doesn't have player at currency=KRW
INFO:__main__:2022-09-24 00:00:00, gid=152:罗马竞技场 doesn't have player at currency=KRW
INFO:__main__:2022-09-24 00:00:00, gid=153:金银岛2 doesn't have player at currency=KRW
INFO:__main__:2022-09-24 00:00:00, gid=154:开心农场 doesn't have player at currency=KRW
INFO:__main__:2022-09-24 00:00:00, gid=167:德州扑克 doesn't have player at currency=KRW
INFO:__main__:2022-09-24 00:00:00, gid=168:万人牛牛 doesn't have player at currency=KRW
INFO:__main__:2022-09-24 00:00:00, gid=171:喵喵 doesn't have player at currency=KRW
INFO:__main__:2022-09-24 00:00:00, gid=172:丧尸大餐 doesn't have player at currency=KRW
INFO:__main__:2022-09-24 00:00:00, gid=173:异外来客 doesn't have player at currency=KRW
INFO:__main__:2022-09-24 00:00:00, gid=175:快乐水果机 doesn't have player at currency=KRW
INFO:__main__:2022-09-24 00:00:00, gid=180:百家乐 doesn't have player at currency=KRW
INFO:__main__:2022-09-24 00:00:00, gid=181:海霸龙 doesn't have player at currency=KRW
INFO:__main__:2022-09-24 00:00:00, gid=182:妙笔生财 doesn't have player at currency=KRW
INFO:__main__:2022-09-24 00:00:00, gid=183:喵财进宝 doesn't have player at currency=KRW
INFO:__main__:2022-09-24 00:00:00, gid=184:此地无银三百两 doesn't have player at currency=KRW
INFO:__main__:2022-09-24 00:00:00, gid=185:斗地主经典版 doesn't have player at currency=KRW
INFO:__main__:2022-09-24 00:00:00, gid=186:鱼跃龙门 doesn't have player at currency=KRW
INFO:__main__:2022-09-24 00:00:00, gid=187:丛林宝藏 doesn't have player at currency=KRW
INFO:__main__:2022-09-24 00:00:00, gid=188:功夫小神通 doesn't have player at currency=KRW
INFO:__main__:2022-09-24 00:00:00, gid=195:东方发发发 doesn't have player at currency=KRW
INFO:__main__:2022-09-24 00:00:00, gid=196:东方传奇 doesn't have player at currency=KRW
INFO:__main__:2022-09-24 00:00:00, gid=199:鸿运龙 doesn't have player at currency=KRW
INFO:__main__:2022-09-24 00:00:00, gid=200:五路财神 doesn't have player at currency=KRW
INFO:__main__:2022-09-24 00:00:00, gid=201:官将首 doesn't have player at currency=KRW
INFO:__main__:2022-09-24 00:00:00, gid=204:博乐麻将 doesn't have player at currency=KRW
INFO:__main__:2022-09-24 00:00:00, gid=205:点石成金 doesn't have player at currency=KRW
INFO:__main__:2022-09-24 00:00:00, gid=207:BK抢庄牛牛 doesn't have player at currency=KRW
INFO:__main__:2022-09-24 00:00:00, gid=209:BK三公 doesn't have player at currency=KRW
INFO:__main__:2022-09-24 00:00:00, gid=210:BK二八杠 doesn't have player at currency=KRW
INFO:__main__:2022-09-24 00:00:00, gid=211:BK德州扑克 doesn't have player at currency=KRW
INFO:__main__:2022-09-24 00:00:00, gid=212:BK龙虎斗 doesn't have player at currency=KRW
INFO:__main__:2022-09-24 00:00:00, gid=214:火烧办公处 doesn't have player at currency=KRW
INFO:__main__:2022-09-24 00:00:00, gid=215:厕所囧境 doesn't have player at currency=KRW
INFO:__main__:2022-09-24 00:00:00, gid=216:爱琴海 doesn't have player at currency=KRW
INFO:__main__:2022-09-24 00:00:00, gid=221:转珠猪 doesn't have player at currency=KRW
INFO:__main__:2022-09-24 00:00:00, gid=227:骰宝 doesn't have player at currency=KRW
INFO:__main__:2022-09-24 00:00:00, gid=233:家里有矿 doesn't have player at currency=KRW
INFO:__main__:2022-09-24 00:00:00, gid=234:CQ9区块链百家乐 doesn't have player at currency=KRW
INFO:__main__:2022-09-24 00:00:00, gid=235:雷霆战机 doesn't have player at currency=KRW
INFO:__main__:2022-09-24 00:00:00, gid=236:鬥地主升級版 doesn't have player at currency=KRW
INFO:__main__:2022-09-24 00:00:00, gid=237:宝莲灯 doesn't have player at currency=KRW
INFO:__main__:2022-09-24 00:00:00, gid=238:马戏团连连发 doesn't have player at currency=KRW
INFO:__main__:2022-09-24 00:00:00, gid=239:幸运传奇 doesn't have player at currency=KRW
INFO:__main__:2022-09-24 00:00:00, gid=242:印金工厂 doesn't have player at currency=KRW
INFO:__main__:2022-09-24 00:00:00, gid=246:8级台风 doesn't have player at currency=KRW
INFO:__main__:2022-09-24 00:00:00, gid=247:守株待兔 doesn't have player at currency=KRW
INFO:__main__:2022-09-24 00:00:00, gid=248:财运亨通 doesn't have player at currency=KRW
INFO:__main__:2022-09-24 00:00:00, gid=249:鹊桥 doesn't have player at currency=KRW
INFO:__main__:2022-09-24 00:00:00, gid=250:麻將小福星 doesn't have player at currency=KRW
INFO:__main__:2022-09-24 00:00:00, gid=251:僵屍的寶藏 doesn't have player at currency=KRW
INFO:__main__:2022-09-24 00:00:00, gid=254:贪吃猫 doesn't have player at currency=KRW
INFO:__main__:2022-09-24 00:00:00, gid=255:五运 doesn't have player at currency=KRW
INFO:__main__:2022-09-24 00:00:00, gid=256:生肖传奇 doesn't have player at currency=KRW
INFO:__main__:2022-09-24 00:00:00, gid=257:妈祖传奇 doesn't have player at currency=KRW
INFO:__main__:2022-09-24 00:00:00, gid=258:隔壁王二不曾偷 doesn't have player at currency=KRW
INFO:__main__:2022-09-24 00:00:00, gid=259:富贵金鸡 doesn't have player at currency=KRW
INFO:__main__:2022-09-24 00:00:00, gid=261:囍 doesn't have player at currency=KRW
INFO:__main__:2022-09-24 00:00:00, gid=262:龙舟 doesn't have player at currency=KRW
INFO:__main__:2022-09-24 00:00:00, gid=265:汪财进宝 doesn't have player at currency=KRW
INFO:__main__:2022-09-24 00:00:00, gid=266:五鬼运财 doesn't have player at currency=KRW
INFO:__main__:2022-09-24 00:00:00, gid=269:龙虎水果机 doesn't have player at currency=KRW
INFO:__main__:2022-09-24 00:00:00, gid=271:血戰到底 doesn't have player at currency=KRW
INFO:__main__:2022-09-24 00:00:00, gid=272:斗地主 doesn't have player at currency=KRW
INFO:__main__:2022-09-24 00:00:00, gid=273:二人麻将 doesn't have player at currency=KRW
INFO:__main__:2022-09-24 00:00:00, gid=274:炸金花 doesn't have player at currency=KRW
INFO:__main__:2022-09-24 00:00:00, gid=275:八仙传奇 doesn't have player at currency=KRW
INFO:__main__:2022-09-24 00:00:00, gid=280:上海再次旋转 doesn't have player at currency=KRW
INFO:__main__:2022-09-24 00:00:00, gid=281:CQ9体育 doesn't have player at currency=KRW
INFO:__main__:2022-09-24 00:00:00, gid=282:美女与野兽 doesn't have player at currency=KRW
INFO:__main__:2022-09-24 00:00:00, gid=283:幸运星 doesn't have player at currency=KRW
INFO:__main__:2022-09-24 00:00:00, gid=284:豪运十倍 doesn't have player at currency=KRW
INFO:__main__:2022-09-24 00:00:00, gid=285:赢光派对 doesn't have player at currency=KRW
INFO:__main__:2022-09-24 00:00:00, gid=286:猪事大吉 doesn't have player at currency=KRW
INFO:__main__:2022-09-24 00:00:00, gid=287:中国锦鲤 doesn't have player at currency=KRW
INFO:__main__:2022-09-24 00:00:00, gid=288:福禄寿 doesn't have player at currency=KRW
INFO:__main__:2022-09-24 00:00:00, gid=289:财神宾果 doesn't have player at currency=KRW
INFO:__main__:2022-09-24 00:00:00, gid=292:东方福兽 doesn't have player at currency=KRW
INFO:__main__:2022-09-24 00:00:00, gid=298:水果连连看 doesn't have player at currency=KRW
INFO:__main__:2022-09-24 00:00:00, gid=300:疯狂赚钞票 doesn't have player at currency=KRW
INFO:__main__:2022-09-24 00:00:00, gid=301:雷电战机 doesn't have player at currency=KRW
INFO:__main__:2022-09-24 00:00:00, gid=302:齐天大圣 doesn't have player at currency=KRW
INFO:__main__:2022-09-24 00:00:00, gid=303:水浒传 doesn't have player at currency=KRW
INFO:__main__:2022-09-24 00:00:00, gid=304:野蛮世界 doesn't have player at currency=KRW
INFO:__main__:2022-09-24 00:00:00, gid=305:新潘金莲 doesn't have player at currency=KRW
INFO:__main__:2022-09-24 00:00:00, gid=306:武媚娘 doesn't have player at currency=KRW
INFO:__main__:2022-09-24 00:00:00, gid=307:魔豆 doesn't have player at currency=KRW
INFO:__main__:2022-09-24 00:00:00, gid=308:打虎英雄 doesn't have player at currency=KRW
INFO:__main__:2022-09-24 00:00:00, gid=309:笑弥勒 doesn't have player at currency=KRW
INFO:__main__:2022-09-24 00:00:00, gid=310:熊猫大侠 doesn't have player at currency=KRW
INFO:__main__:2022-09-24 00:00:00, gid=311:神话 doesn't have player at currency=KRW
INFO:__main__:2022-09-24 00:00:00, gid=312:胜利岛 doesn't have player at currency=KRW
INFO:__main__:2022-09-24 00:00:00, gid=313:哪吒 doesn't have player at currency=KRW
INFO:__main__:2022-09-24 00:00:00, gid=314:大福星 doesn't have player at currency=KRW
INFO:__main__:2022-09-24 00:00:00, gid=315:福神报喜 doesn't have player at currency=KRW
INFO:__main__:2022-09-24 00:00:00, gid=316:白蛇传奇 doesn't have player at currency=KRW
INFO:__main__:2022-09-24 00:00:00, gid=317:锦鲤祥龙 doesn't have player at currency=KRW
INFO:__main__:2022-09-24 00:00:00, gid=318:欢乐德州 doesn't have player at currency=KRW
INFO:__main__:2022-09-24 00:00:00, gid=321:亚洲女神 doesn't have player at currency=KRW
INFO:__main__:2022-09-24 00:00:00, gid=322:雪野生 doesn't have player at currency=KRW
INFO:__main__:2022-09-24 00:00:00, gid=323:艾拉的财富 doesn't have player at currency=KRW
INFO:__main__:2022-09-24 00:00:00, gid=325:血战骰盅 doesn't have player at currency=KRW
INFO:__main__:2022-09-24 00:00:00, gid=326:血流成河 doesn't have player at currency=KRW
INFO:__main__:2022-09-24 00:00:00, gid=327:二十一点 doesn't have player at currency=KRW
INFO:__main__:2022-09-24 00:00:00, gid=329:不太可能的王室 doesn't have player at currency=KRW
INFO:__main__:2022-09-24 00:00:00, gid=330:CQ9 真人 doesn't have player at currency=KRW
INFO:__main__:2022-09-24 00:00:00, gid=335:水浒劈鱼 doesn't have player at currency=KRW
INFO:__main__:2022-09-24 00:00:00, gid=336:火爆德甲 doesn't have player at currency=KRW
INFO:__main__:2022-09-24 00:00:00, gid=338:英超争霸 doesn't have player at currency=KRW
INFO:__main__:2022-09-24 00:00:00, gid=340:激战欧洲杯 doesn't have player at currency=KRW
INFO:__main__:2022-09-24 00:00:00, gid=341:球星联盟 doesn't have player at currency=KRW
INFO:__main__:2022-09-24 00:00:00, gid=342:决胜西甲 doesn't have player at currency=KRW
INFO:__main__:2022-09-24 00:00:00, gid=600:抢庄眯牌牛牛 doesn't have player at currency=KRW
INFO:__main__:2022-09-24 00:00:00, gid=606:丛林秘宝 doesn't have player at currency=KRW
INFO:__main__:2022-09-24 00:00:00, gid=642:龙虎斗 doesn't have player at currency=KRW
INFO:__main__:2022-09-24 00:00:00, gid=644:金龙彩 doesn't have player at currency=KRW
INFO:__main__:2022-09-24 00:00:00, gid=645:孙二娘 doesn't have player at currency=KRW
INFO:__main__:2022-09-24 00:00:00, gid=646:花木兰 doesn't have player at currency=KRW
INFO:__main__:2022-09-24 00:00:00, gid=647:神偷 doesn't have player at currency=KRW
INFO:__main__:2022-09-24 00:00:00, gid=648:精灵 doesn't have player at currency=KRW
INFO:__main__:2022-09-24 00:00:00, gid=649:豹子头 doesn't have player at currency=KRW
INFO:__main__:2022-09-24 00:00:00, gid=650:西游记 doesn't have player at currency=KRW
INFO:__main__:2022-09-24 00:00:00, gid=651:百变龙 doesn't have player at currency=KRW
INFO:__main__:2022-09-24 00:00:00, gid=652:丛林岛 doesn't have player at currency=KRW
INFO:__main__:2022-09-24 00:00:00, gid=759:博丁 doesn't have player at currency=KRW
INFO:__main__:2022-09-24 00:00:00, gid=761:泰式骰宝 doesn't have player at currency=KRW
INFO:__main__:2022-09-24 00:00:00, gid=773:龙龙龙 doesn't have player at currency=KRW
INFO:__main__:2022-09-24 00:00:00, gid=832:牛牛牛 doesn't have player at currency=KRW
INFO:__main__:2022-09-24 00:00:00, gid=833:拉霸777 doesn't have player at currency=KRW
INFO:__main__:2022-09-24 00:00:00, gid=834:CQ9 彩票 doesn't have player at currency=KRW
INFO:__main__:2022-09-24 00:00:00, gid=838:龙来发 doesn't have player at currency=KRW
INFO:__main__:2022-09-24 00:00:00, gid=841:加倍斗地主 doesn't have player at currency=KRW
INFO:__main__:2022-09-24 00:00:00, gid=842:钻石水果 doesn't have player at currency=KRW
INFO:__main__:2022-09-24 00:00:00, gid=843:浴水则發 doesn't have player at currency=KRW
INFO:__main__:2022-09-24 00:00:00, gid=844:好好味 doesn't have player at currency=KRW
INFO:__main__:2022-09-24 00:00:00, gid=849:这市集绝了 doesn't have player at currency=KRW
INFO:__main__:2022-09-24 00:00:00, gid=852:招财祥龙 doesn't have player at currency=KRW
INFO:__main__:2022-09-24 00:00:00, gid=853:跑跑爱丽丝JP doesn't have player at currency=KRW
INFO:__main__:2022-09-24 00:00:00, gid=858:冰冰乐 doesn't have player at currency=KRW
INFO:__main__:2022-09-24 00:00:00, gid=863:开心抓虫 doesn't have player at currency=KRW
INFO:__main__:2022-09-24 00:00:00, gid=869:动博体育 doesn't have player at currency=KRW
INFO:__main__:2022-09-24 00:00:00, gid=870:Motivation doesn't have player at currency=KRW
INFO:__main__:2022-09-24 00:00:00, gid=876:狂野前锋 doesn't have player at currency=KRW
INFO:__main__:2022-09-24 00:00:00, gid=6:1945 doesn't have player at currency=VND
INFO:__main__:2022-09-24 00:00:00, gid=11:梦游仙境2 doesn't have player at currency=VND
INFO:__main__:2022-09-24 00:00:00, gid=14:绝赢巫师 doesn't have player at currency=VND
INFO:__main__:2022-09-24 00:00:00, gid=18:雀王 doesn't have player at currency=VND
INFO:__main__:2022-09-24 00:00:00, gid=25:扑克拉霸 doesn't have player at currency=VND
INFO:__main__:2022-09-24 00:00:00, gid=28:食神 doesn't have player at currency=VND
INFO:__main__:2022-09-24 00:00:00, gid=30:三国序 doesn't have player at currency=VND
INFO:__main__:2022-09-24 00:00:00, gid=39:镖王争霸 doesn't have player at currency=VND
INFO:__main__:2022-09-24 00:00:00, gid=40:水球大战 doesn't have player at currency=VND
INFO:__main__:2022-09-24 00:00:00, gid=42:恭贺新禧 doesn't have player at currency=VND
INFO:__main__:2022-09-24 00:00:00, gid=44:超级发 doesn't have player at currency=VND
INFO:__main__:2022-09-24 00:00:00, gid=47:莲 doesn't have player at currency=VND
INFO:__main__:2022-09-24 00:00:00, gid=52:来电99 doesn't have player at currency=VND
INFO:__main__:2022-09-24 00:00:00, gid=53:摆脱 doesn't have player at currency=VND
INFO:__main__:2022-09-24 00:00:00, gid=56:黯夜公爵 doesn't have player at currency=VND
INFO:__main__:2022-09-24 00:00:00, gid=60:非常钻 doesn't have player at currency=VND
INFO:__main__:2022-09-24 00:00:00, gid=61:寻龙诀 doesn't have player at currency=VND
INFO:__main__:2022-09-24 00:00:00, gid=62:虎虎虎 doesn't have player at currency=VND
INFO:__main__:2022-09-24 00:00:00, gid=68:万兽之王 doesn't have player at currency=VND
INFO:__main__:2022-09-24 00:00:00, gid=69:皇金渔场2 doesn't have player at currency=VND
INFO:__main__:2022-09-24 00:00:00, gid=72:金宝熊 doesn't have player at currency=VND
INFO:__main__:2022-09-24 00:00:00, gid=80:战西游 doesn't have player at currency=VND
INFO:__main__:2022-09-24 00:00:00, gid=85:疯狂派对 doesn't have player at currency=VND
INFO:__main__:2022-09-24 00:00:00, gid=87:奇幻魔术 doesn't have player at currency=VND
INFO:__main__:2022-09-24 00:00:00, gid=89:足球世界杯 doesn't have player at currency=VND
INFO:__main__:2022-09-24 00:00:00, gid=91:世界杯明星 doesn't have player at currency=VND
INFO:__main__:2022-09-24 00:00:00, gid=92:世界杯球衣 doesn't have player at currency=VND
INFO:__main__:2022-09-24 00:00:00, gid=95:世界杯球场 doesn't have player at currency=VND
INFO:__main__:2022-09-24 00:00:00, gid=98:JP五福临门 doesn't have player at currency=VND
INFO:__main__:2022-09-24 00:00:00, gid=100:JP聚宝盆 doesn't have player at currency=VND
INFO:__main__:2022-09-24 00:00:00, gid=101:火爆辣椒 doesn't have player at currency=VND
INFO:__main__:2022-09-24 00:00:00, gid=108:烈焰红唇 doesn't have player at currency=VND
INFO:__main__:2022-09-24 00:00:00, gid=109:招财进宝 doesn't have player at currency=VND
INFO:__main__:2022-09-24 00:00:00, gid=110:幸运招财猫 doesn't have player at currency=VND
INFO:__main__:2022-09-24 00:00:00, gid=111:捕鱼去喽 doesn't have player at currency=VND
INFO:__main__:2022-09-24 00:00:00, gid=112:旺财 doesn't have player at currency=VND
INFO:__main__:2022-09-24 00:00:00, gid=113:埃及艳后 doesn't have player at currency=VND
INFO:__main__:2022-09-24 00:00:00, gid=114:美人鱼传说 doesn't have player at currency=VND
INFO:__main__:2022-09-24 00:00:00, gid=115:集电宝 doesn't have player at currency=VND
INFO:__main__:2022-09-24 00:00:00, gid=116:牛牛抢红包 doesn't have player at currency=VND
INFO:__main__:2022-09-24 00:00:00, gid=117:金喜鹊桥 doesn't have player at currency=VND
INFO:__main__:2022-09-24 00:00:00, gid=119:抢庄牛牛 doesn't have player at currency=VND
INFO:__main__:2022-09-24 00:00:00, gid=120:超级百人牛牛 doesn't have player at currency=VND
INFO:__main__:2022-09-24 00:00:00, gid=121:加倍斗地主 doesn't have player at currency=VND
INFO:__main__:2022-09-24 00:00:00, gid=124:横转跳高高 doesn't have player at currency=VND
INFO:__main__:2022-09-24 00:00:00, gid=125:宾果消消消 doesn't have player at currency=VND
INFO:__main__:2022-09-24 00:00:00, gid=126:星星消消乐 doesn't have player at currency=VND
INFO:__main__:2022-09-24 00:00:00, gid=130:百人牛牛 doesn't have player at currency=VND
INFO:__main__:2022-09-24 00:00:00, gid=133:横转跳起来 doesn't have player at currency=VND
INFO:__main__:2022-09-24 00:00:00, gid=134:飞单跳起来 doesn't have player at currency=VND
INFO:__main__:2022-09-24 00:00:00, gid=135:飞单跳高高 doesn't have player at currency=VND
INFO:__main__:2022-09-24 00:00:00, gid=137:四川麻将 doesn't have player at currency=VND
INFO:__main__:2022-09-24 00:00:00, gid=144:钓鱼高手 doesn't have player at currency=VND
INFO:__main__:2022-09-24 00:00:00, gid=146:斗地主 doesn't have player at currency=VND
INFO:__main__:2022-09-24 00:00:00, gid=147:钻饱宝 doesn't have player at currency=VND
INFO:__main__:2022-09-24 00:00:00, gid=149:恶魔侦探 doesn't have player at currency=VND
INFO:__main__:2022-09-24 00:00:00, gid=150:雷神托尔 doesn't have player at currency=VND
INFO:__main__:2022-09-24 00:00:00, gid=151:财神 doesn't have player at currency=VND
INFO:__main__:2022-09-24 00:00:00, gid=152:罗马竞技场 doesn't have player at currency=VND
INFO:__main__:2022-09-24 00:00:00, gid=153:金银岛2 doesn't have player at currency=VND
INFO:__main__:2022-09-24 00:00:00, gid=154:开心农场 doesn't have player at currency=VND
INFO:__main__:2022-09-24 00:00:00, gid=167:德州扑克 doesn't have player at currency=VND
INFO:__main__:2022-09-24 00:00:00, gid=168:万人牛牛 doesn't have player at currency=VND
INFO:__main__:2022-09-24 00:00:00, gid=171:喵喵 doesn't have player at currency=VND
INFO:__main__:2022-09-24 00:00:00, gid=172:丧尸大餐 doesn't have player at currency=VND
INFO:__main__:2022-09-24 00:00:00, gid=173:异外来客 doesn't have player at currency=VND
INFO:__main__:2022-09-24 00:00:00, gid=175:快乐水果机 doesn't have player at currency=VND
INFO:__main__:2022-09-24 00:00:00, gid=180:百家乐 doesn't have player at currency=VND
INFO:__main__:2022-09-24 00:00:00, gid=181:海霸龙 doesn't have player at currency=VND
INFO:__main__:2022-09-24 00:00:00, gid=182:妙笔生财 doesn't have player at currency=VND
INFO:__main__:2022-09-24 00:00:00, gid=183:喵财进宝 doesn't have player at currency=VND
INFO:__main__:2022-09-24 00:00:00, gid=184:此地无银三百两 doesn't have player at currency=VND
INFO:__main__:2022-09-24 00:00:00, gid=185:斗地主经典版 doesn't have player at currency=VND
INFO:__main__:2022-09-24 00:00:00, gid=186:鱼跃龙门 doesn't have player at currency=VND
INFO:__main__:2022-09-24 00:00:00, gid=187:丛林宝藏 doesn't have player at currency=VND
INFO:__main__:2022-09-24 00:00:00, gid=188:功夫小神通 doesn't have player at currency=VND
INFO:__main__:2022-09-24 00:00:00, gid=195:东方发发发 doesn't have player at currency=VND
INFO:__main__:2022-09-24 00:00:00, gid=196:东方传奇 doesn't have player at currency=VND
INFO:__main__:2022-09-24 00:00:00, gid=199:鸿运龙 doesn't have player at currency=VND
INFO:__main__:2022-09-24 00:00:00, gid=200:五路财神 doesn't have player at currency=VND
INFO:__main__:2022-09-24 00:00:00, gid=201:官将首 doesn't have player at currency=VND
INFO:__main__:2022-09-24 00:00:00, gid=204:博乐麻将 doesn't have player at currency=VND
INFO:__main__:2022-09-24 00:00:00, gid=205:点石成金 doesn't have player at currency=VND
INFO:__main__:2022-09-24 00:00:00, gid=207:BK抢庄牛牛 doesn't have player at currency=VND
INFO:__main__:2022-09-24 00:00:00, gid=209:BK三公 doesn't have player at currency=VND
INFO:__main__:2022-09-24 00:00:00, gid=210:BK二八杠 doesn't have player at currency=VND
INFO:__main__:2022-09-24 00:00:00, gid=211:BK德州扑克 doesn't have player at currency=VND
INFO:__main__:2022-09-24 00:00:00, gid=212:BK龙虎斗 doesn't have player at currency=VND
INFO:__main__:2022-09-24 00:00:00, gid=214:火烧办公处 doesn't have player at currency=VND
INFO:__main__:2022-09-24 00:00:00, gid=215:厕所囧境 doesn't have player at currency=VND
INFO:__main__:2022-09-24 00:00:00, gid=216:爱琴海 doesn't have player at currency=VND
INFO:__main__:2022-09-24 00:00:00, gid=221:转珠猪 doesn't have player at currency=VND
INFO:__main__:2022-09-24 00:00:00, gid=227:骰宝 doesn't have player at currency=VND
INFO:__main__:2022-09-24 00:00:00, gid=233:家里有矿 doesn't have player at currency=VND
INFO:__main__:2022-09-24 00:00:00, gid=234:CQ9区块链百家乐 doesn't have player at currency=VND
INFO:__main__:2022-09-24 00:00:00, gid=235:雷霆战机 doesn't have player at currency=VND
INFO:__main__:2022-09-24 00:00:00, gid=236:鬥地主升級版 doesn't have player at currency=VND
INFO:__main__:2022-09-24 00:00:00, gid=237:宝莲灯 doesn't have player at currency=VND
INFO:__main__:2022-09-24 00:00:00, gid=238:马戏团连连发 doesn't have player at currency=VND
INFO:__main__:2022-09-24 00:00:00, gid=239:幸运传奇 doesn't have player at currency=VND
INFO:__main__:2022-09-24 00:00:00, gid=242:印金工厂 doesn't have player at currency=VND
INFO:__main__:2022-09-24 00:00:00, gid=246:8级台风 doesn't have player at currency=VND
INFO:__main__:2022-09-24 00:00:00, gid=247:守株待兔 doesn't have player at currency=VND
INFO:__main__:2022-09-24 00:00:00, gid=248:财运亨通 doesn't have player at currency=VND
INFO:__main__:2022-09-24 00:00:00, gid=249:鹊桥 doesn't have player at currency=VND
INFO:__main__:2022-09-24 00:00:00, gid=250:麻將小福星 doesn't have player at currency=VND
INFO:__main__:2022-09-24 00:00:00, gid=251:僵屍的寶藏 doesn't have player at currency=VND
INFO:__main__:2022-09-24 00:00:00, gid=254:贪吃猫 doesn't have player at currency=VND
INFO:__main__:2022-09-24 00:00:00, gid=255:五运 doesn't have player at currency=VND
INFO:__main__:2022-09-24 00:00:00, gid=256:生肖传奇 doesn't have player at currency=VND
INFO:__main__:2022-09-24 00:00:00, gid=257:妈祖传奇 doesn't have player at currency=VND
INFO:__main__:2022-09-24 00:00:00, gid=258:隔壁王二不曾偷 doesn't have player at currency=VND
INFO:__main__:2022-09-24 00:00:00, gid=259:富贵金鸡 doesn't have player at currency=VND
INFO:__main__:2022-09-24 00:00:00, gid=261:囍 doesn't have player at currency=VND
INFO:__main__:2022-09-24 00:00:00, gid=262:龙舟 doesn't have player at currency=VND
INFO:__main__:2022-09-24 00:00:00, gid=265:汪财进宝 doesn't have player at currency=VND
INFO:__main__:2022-09-24 00:00:00, gid=266:五鬼运财 doesn't have player at currency=VND
INFO:__main__:2022-09-24 00:00:00, gid=269:龙虎水果机 doesn't have player at currency=VND
INFO:__main__:2022-09-24 00:00:00, gid=271:血戰到底 doesn't have player at currency=VND
INFO:__main__:2022-09-24 00:00:00, gid=272:斗地主 doesn't have player at currency=VND
INFO:__main__:2022-09-24 00:00:00, gid=273:二人麻将 doesn't have player at currency=VND
INFO:__main__:2022-09-24 00:00:00, gid=274:炸金花 doesn't have player at currency=VND
INFO:__main__:2022-09-24 00:00:00, gid=275:八仙传奇 doesn't have player at currency=VND
INFO:__main__:2022-09-24 00:00:00, gid=280:上海再次旋转 doesn't have player at currency=VND
INFO:__main__:2022-09-24 00:00:00, gid=281:CQ9体育 doesn't have player at currency=VND
INFO:__main__:2022-09-24 00:00:00, gid=282:美女与野兽 doesn't have player at currency=VND
INFO:__main__:2022-09-24 00:00:00, gid=283:幸运星 doesn't have player at currency=VND
INFO:__main__:2022-09-24 00:00:00, gid=284:豪运十倍 doesn't have player at currency=VND
INFO:__main__:2022-09-24 00:00:00, gid=285:赢光派对 doesn't have player at currency=VND
INFO:__main__:2022-09-24 00:00:00, gid=286:猪事大吉 doesn't have player at currency=VND
INFO:__main__:2022-09-24 00:00:00, gid=287:中国锦鲤 doesn't have player at currency=VND
INFO:__main__:2022-09-24 00:00:00, gid=288:福禄寿 doesn't have player at currency=VND
INFO:__main__:2022-09-24 00:00:00, gid=289:财神宾果 doesn't have player at currency=VND
INFO:__main__:2022-09-24 00:00:00, gid=292:东方福兽 doesn't have player at currency=VND
INFO:__main__:2022-09-24 00:00:00, gid=298:水果连连看 doesn't have player at currency=VND
INFO:__main__:2022-09-24 00:00:00, gid=300:疯狂赚钞票 doesn't have player at currency=VND
INFO:__main__:2022-09-24 00:00:00, gid=301:雷电战机 doesn't have player at currency=VND
INFO:__main__:2022-09-24 00:00:00, gid=302:齐天大圣 doesn't have player at currency=VND
INFO:__main__:2022-09-24 00:00:00, gid=303:水浒传 doesn't have player at currency=VND
INFO:__main__:2022-09-24 00:00:00, gid=304:野蛮世界 doesn't have player at currency=VND
INFO:__main__:2022-09-24 00:00:00, gid=305:新潘金莲 doesn't have player at currency=VND
INFO:__main__:2022-09-24 00:00:00, gid=306:武媚娘 doesn't have player at currency=VND
INFO:__main__:2022-09-24 00:00:00, gid=307:魔豆 doesn't have player at currency=VND
INFO:__main__:2022-09-24 00:00:00, gid=308:打虎英雄 doesn't have player at currency=VND
INFO:__main__:2022-09-24 00:00:00, gid=309:笑弥勒 doesn't have player at currency=VND
INFO:__main__:2022-09-24 00:00:00, gid=310:熊猫大侠 doesn't have player at currency=VND
INFO:__main__:2022-09-24 00:00:00, gid=311:神话 doesn't have player at currency=VND
INFO:__main__:2022-09-24 00:00:00, gid=312:胜利岛 doesn't have player at currency=VND
INFO:__main__:2022-09-24 00:00:00, gid=313:哪吒 doesn't have player at currency=VND
INFO:__main__:2022-09-24 00:00:00, gid=314:大福星 doesn't have player at currency=VND
INFO:__main__:2022-09-24 00:00:00, gid=315:福神报喜 doesn't have player at currency=VND
INFO:__main__:2022-09-24 00:00:00, gid=316:白蛇传奇 doesn't have player at currency=VND
INFO:__main__:2022-09-24 00:00:00, gid=317:锦鲤祥龙 doesn't have player at currency=VND
INFO:__main__:2022-09-24 00:00:00, gid=318:欢乐德州 doesn't have player at currency=VND
INFO:__main__:2022-09-24 00:00:00, gid=321:亚洲女神 doesn't have player at currency=VND
INFO:__main__:2022-09-24 00:00:00, gid=322:雪野生 doesn't have player at currency=VND
INFO:__main__:2022-09-24 00:00:00, gid=323:艾拉的财富 doesn't have player at currency=VND
INFO:__main__:2022-09-24 00:00:00, gid=325:血战骰盅 doesn't have player at currency=VND
INFO:__main__:2022-09-24 00:00:00, gid=326:血流成河 doesn't have player at currency=VND
INFO:__main__:2022-09-24 00:00:00, gid=327:二十一点 doesn't have player at currency=VND
INFO:__main__:2022-09-24 00:00:00, gid=329:不太可能的王室 doesn't have player at currency=VND
INFO:__main__:2022-09-24 00:00:00, gid=330:CQ9 真人 doesn't have player at currency=VND
INFO:__main__:2022-09-24 00:00:00, gid=335:水浒劈鱼 doesn't have player at currency=VND
INFO:__main__:2022-09-24 00:00:00, gid=336:火爆德甲 doesn't have player at currency=VND
INFO:__main__:2022-09-24 00:00:00, gid=338:英超争霸 doesn't have player at currency=VND
INFO:__main__:2022-09-24 00:00:00, gid=340:激战欧洲杯 doesn't have player at currency=VND
INFO:__main__:2022-09-24 00:00:00, gid=341:球星联盟 doesn't have player at currency=VND
INFO:__main__:2022-09-24 00:00:00, gid=342:决胜西甲 doesn't have player at currency=VND
INFO:__main__:2022-09-24 00:00:00, gid=606:丛林秘宝 doesn't have player at currency=VND
INFO:__main__:2022-09-24 00:00:00, gid=642:龙虎斗 doesn't have player at currency=VND
INFO:__main__:2022-09-24 00:00:00, gid=644:金龙彩 doesn't have player at currency=VND
INFO:__main__:2022-09-24 00:00:00, gid=645:孙二娘 doesn't have player at currency=VND
INFO:__main__:2022-09-24 00:00:00, gid=646:花木兰 doesn't have player at currency=VND
INFO:__main__:2022-09-24 00:00:00, gid=647:神偷 doesn't have player at currency=VND
INFO:__main__:2022-09-24 00:00:00, gid=648:精灵 doesn't have player at currency=VND
INFO:__main__:2022-09-24 00:00:00, gid=649:豹子头 doesn't have player at currency=VND
INFO:__main__:2022-09-24 00:00:00, gid=650:西游记 doesn't have player at currency=VND
INFO:__main__:2022-09-24 00:00:00, gid=651:百变龙 doesn't have player at currency=VND
INFO:__main__:2022-09-24 00:00:00, gid=652:丛林岛 doesn't have player at currency=VND
INFO:__main__:2022-09-24 00:00:00, gid=759:博丁 doesn't have player at currency=VND
INFO:__main__:2022-09-24 00:00:00, gid=834:CQ9 彩票 doesn't have player at currency=VND
INFO:__main__:2022-09-24 00:00:00, gid=841:加倍斗地主 doesn't have player at currency=VND
INFO:__main__:2022-09-24 00:00:00, gid=842:钻石水果 doesn't have player at currency=VND
INFO:__main__:2022-09-24 00:00:00, gid=843:浴水则發 doesn't have player at currency=VND
INFO:__main__:2022-09-24 00:00:00, gid=844:好好味 doesn't have player at currency=VND
INFO:__main__:2022-09-24 00:00:00, gid=849:这市集绝了 doesn't have player at currency=VND
INFO:__main__:2022-09-24 00:00:00, gid=853:跑跑爱丽丝JP doesn't have player at currency=VND
INFO:__main__:2022-09-24 00:00:00, gid=858:冰冰乐 doesn't have player at currency=VND
INFO:__main__:2022-09-24 00:00:00, gid=863:开心抓虫 doesn't have player at currency=VND
INFO:__main__:2022-09-24 00:00:00, gid=869:动博体育 doesn't have player at currency=VND
INFO:__main__:2022-09-24 00:00:00, gid=870:Motivation doesn't have player at currency=VND
INFO:__main__:2022-09-24 00:00:00, gid=876:狂野前锋 doesn't have player at currency=VND
INFO:__main__:2022-09-24 00:00:00, gid=6:1945 doesn't have player at currency=PHP
INFO:__main__:2022-09-24 00:00:00, gid=11:梦游仙境2 doesn't have player at currency=PHP
INFO:__main__:2022-09-24 00:00:00, gid=14:绝赢巫师 doesn't have player at currency=PHP
INFO:__main__:2022-09-24 00:00:00, gid=18:雀王 doesn't have player at currency=PHP
INFO:__main__:2022-09-24 00:00:00, gid=25:扑克拉霸 doesn't have player at currency=PHP
INFO:__main__:2022-09-24 00:00:00, gid=28:食神 doesn't have player at currency=PHP
INFO:__main__:2022-09-24 00:00:00, gid=30:三国序 doesn't have player at currency=PHP
INFO:__main__:2022-09-24 00:00:00, gid=39:镖王争霸 doesn't have player at currency=PHP
INFO:__main__:2022-09-24 00:00:00, gid=40:水球大战 doesn't have player at currency=PHP
INFO:__main__:2022-09-24 00:00:00, gid=42:恭贺新禧 doesn't have player at currency=PHP
INFO:__main__:2022-09-24 00:00:00, gid=44:超级发 doesn't have player at currency=PHP
INFO:__main__:2022-09-24 00:00:00, gid=47:莲 doesn't have player at currency=PHP
INFO:__main__:2022-09-24 00:00:00, gid=52:来电99 doesn't have player at currency=PHP
INFO:__main__:2022-09-24 00:00:00, gid=53:摆脱 doesn't have player at currency=PHP
INFO:__main__:2022-09-24 00:00:00, gid=56:黯夜公爵 doesn't have player at currency=PHP
INFO:__main__:2022-09-24 00:00:00, gid=60:非常钻 doesn't have player at currency=PHP
INFO:__main__:2022-09-24 00:00:00, gid=61:寻龙诀 doesn't have player at currency=PHP
INFO:__main__:2022-09-24 00:00:00, gid=62:虎虎虎 doesn't have player at currency=PHP
INFO:__main__:2022-09-24 00:00:00, gid=68:万兽之王 doesn't have player at currency=PHP
INFO:__main__:2022-09-24 00:00:00, gid=69:皇金渔场2 doesn't have player at currency=PHP
INFO:__main__:2022-09-24 00:00:00, gid=72:金宝熊 doesn't have player at currency=PHP
INFO:__main__:2022-09-24 00:00:00, gid=80:战西游 doesn't have player at currency=PHP
INFO:__main__:2022-09-24 00:00:00, gid=85:疯狂派对 doesn't have player at currency=PHP
INFO:__main__:2022-09-24 00:00:00, gid=87:奇幻魔术 doesn't have player at currency=PHP
INFO:__main__:2022-09-24 00:00:00, gid=89:足球世界杯 doesn't have player at currency=PHP
INFO:__main__:2022-09-24 00:00:00, gid=91:世界杯明星 doesn't have player at currency=PHP
INFO:__main__:2022-09-24 00:00:00, gid=92:世界杯球衣 doesn't have player at currency=PHP
INFO:__main__:2022-09-24 00:00:00, gid=95:世界杯球场 doesn't have player at currency=PHP
INFO:__main__:2022-09-24 00:00:00, gid=101:火爆辣椒 doesn't have player at currency=PHP
INFO:__main__:2022-09-24 00:00:00, gid=108:烈焰红唇 doesn't have player at currency=PHP
INFO:__main__:2022-09-24 00:00:00, gid=109:招财进宝 doesn't have player at currency=PHP
INFO:__main__:2022-09-24 00:00:00, gid=110:幸运招财猫 doesn't have player at currency=PHP
INFO:__main__:2022-09-24 00:00:00, gid=111:捕鱼去喽 doesn't have player at currency=PHP
INFO:__main__:2022-09-24 00:00:00, gid=112:旺财 doesn't have player at currency=PHP
INFO:__main__:2022-09-24 00:00:00, gid=113:埃及艳后 doesn't have player at currency=PHP
INFO:__main__:2022-09-24 00:00:00, gid=114:美人鱼传说 doesn't have player at currency=PHP
INFO:__main__:2022-09-24 00:00:00, gid=115:集电宝 doesn't have player at currency=PHP
INFO:__main__:2022-09-24 00:00:00, gid=116:牛牛抢红包 doesn't have player at currency=PHP
INFO:__main__:2022-09-24 00:00:00, gid=117:金喜鹊桥 doesn't have player at currency=PHP
INFO:__main__:2022-09-24 00:00:00, gid=119:抢庄牛牛 doesn't have player at currency=PHP
INFO:__main__:2022-09-24 00:00:00, gid=120:超级百人牛牛 doesn't have player at currency=PHP
INFO:__main__:2022-09-24 00:00:00, gid=121:加倍斗地主 doesn't have player at currency=PHP
INFO:__main__:2022-09-24 00:00:00, gid=124:横转跳高高 doesn't have player at currency=PHP
INFO:__main__:2022-09-24 00:00:00, gid=125:宾果消消消 doesn't have player at currency=PHP
INFO:__main__:2022-09-24 00:00:00, gid=126:星星消消乐 doesn't have player at currency=PHP
INFO:__main__:2022-09-24 00:00:00, gid=130:百人牛牛 doesn't have player at currency=PHP
INFO:__main__:2022-09-24 00:00:00, gid=133:横转跳起来 doesn't have player at currency=PHP
INFO:__main__:2022-09-24 00:00:00, gid=134:飞单跳起来 doesn't have player at currency=PHP
INFO:__main__:2022-09-24 00:00:00, gid=135:飞单跳高高 doesn't have player at currency=PHP
INFO:__main__:2022-09-24 00:00:00, gid=137:四川麻将 doesn't have player at currency=PHP
INFO:__main__:2022-09-24 00:00:00, gid=144:钓鱼高手 doesn't have player at currency=PHP
INFO:__main__:2022-09-24 00:00:00, gid=146:斗地主 doesn't have player at currency=PHP
INFO:__main__:2022-09-24 00:00:00, gid=147:钻饱宝 doesn't have player at currency=PHP
INFO:__main__:2022-09-24 00:00:00, gid=149:恶魔侦探 doesn't have player at currency=PHP
INFO:__main__:2022-09-24 00:00:00, gid=150:雷神托尔 doesn't have player at currency=PHP
INFO:__main__:2022-09-24 00:00:00, gid=151:财神 doesn't have player at currency=PHP
INFO:__main__:2022-09-24 00:00:00, gid=152:罗马竞技场 doesn't have player at currency=PHP
INFO:__main__:2022-09-24 00:00:00, gid=153:金银岛2 doesn't have player at currency=PHP
INFO:__main__:2022-09-24 00:00:00, gid=154:开心农场 doesn't have player at currency=PHP
INFO:__main__:2022-09-24 00:00:00, gid=167:德州扑克 doesn't have player at currency=PHP
INFO:__main__:2022-09-24 00:00:00, gid=168:万人牛牛 doesn't have player at currency=PHP
INFO:__main__:2022-09-24 00:00:00, gid=171:喵喵 doesn't have player at currency=PHP
INFO:__main__:2022-09-24 00:00:00, gid=172:丧尸大餐 doesn't have player at currency=PHP
INFO:__main__:2022-09-24 00:00:00, gid=173:异外来客 doesn't have player at currency=PHP
INFO:__main__:2022-09-24 00:00:00, gid=175:快乐水果机 doesn't have player at currency=PHP
INFO:__main__:2022-09-24 00:00:00, gid=180:百家乐 doesn't have player at currency=PHP
INFO:__main__:2022-09-24 00:00:00, gid=181:海霸龙 doesn't have player at currency=PHP
INFO:__main__:2022-09-24 00:00:00, gid=182:妙笔生财 doesn't have player at currency=PHP
INFO:__main__:2022-09-24 00:00:00, gid=183:喵财进宝 doesn't have player at currency=PHP
INFO:__main__:2022-09-24 00:00:00, gid=184:此地无银三百两 doesn't have player at currency=PHP
INFO:__main__:2022-09-24 00:00:00, gid=185:斗地主经典版 doesn't have player at currency=PHP
INFO:__main__:2022-09-24 00:00:00, gid=186:鱼跃龙门 doesn't have player at currency=PHP
INFO:__main__:2022-09-24 00:00:00, gid=187:丛林宝藏 doesn't have player at currency=PHP
INFO:__main__:2022-09-24 00:00:00, gid=188:功夫小神通 doesn't have player at currency=PHP
INFO:__main__:2022-09-24 00:00:00, gid=195:东方发发发 doesn't have player at currency=PHP
INFO:__main__:2022-09-24 00:00:00, gid=196:东方传奇 doesn't have player at currency=PHP
INFO:__main__:2022-09-24 00:00:00, gid=199:鸿运龙 doesn't have player at currency=PHP
INFO:__main__:2022-09-24 00:00:00, gid=200:五路财神 doesn't have player at currency=PHP
INFO:__main__:2022-09-24 00:00:00, gid=201:官将首 doesn't have player at currency=PHP
INFO:__main__:2022-09-24 00:00:00, gid=204:博乐麻将 doesn't have player at currency=PHP
INFO:__main__:2022-09-24 00:00:00, gid=205:点石成金 doesn't have player at currency=PHP
INFO:__main__:2022-09-24 00:00:00, gid=207:BK抢庄牛牛 doesn't have player at currency=PHP
INFO:__main__:2022-09-24 00:00:00, gid=209:BK三公 doesn't have player at currency=PHP
INFO:__main__:2022-09-24 00:00:00, gid=210:BK二八杠 doesn't have player at currency=PHP
INFO:__main__:2022-09-24 00:00:00, gid=211:BK德州扑克 doesn't have player at currency=PHP
INFO:__main__:2022-09-24 00:00:00, gid=212:BK龙虎斗 doesn't have player at currency=PHP
INFO:__main__:2022-09-24 00:00:00, gid=214:火烧办公处 doesn't have player at currency=PHP
INFO:__main__:2022-09-24 00:00:00, gid=215:厕所囧境 doesn't have player at currency=PHP
INFO:__main__:2022-09-24 00:00:00, gid=216:爱琴海 doesn't have player at currency=PHP
INFO:__main__:2022-09-24 00:00:00, gid=221:转珠猪 doesn't have player at currency=PHP
INFO:__main__:2022-09-24 00:00:00, gid=227:骰宝 doesn't have player at currency=PHP
INFO:__main__:2022-09-24 00:00:00, gid=233:家里有矿 doesn't have player at currency=PHP
INFO:__main__:2022-09-24 00:00:00, gid=234:CQ9区块链百家乐 doesn't have player at currency=PHP
INFO:__main__:2022-09-24 00:00:00, gid=235:雷霆战机 doesn't have player at currency=PHP
INFO:__main__:2022-09-24 00:00:00, gid=236:鬥地主升級版 doesn't have player at currency=PHP
INFO:__main__:2022-09-24 00:00:00, gid=237:宝莲灯 doesn't have player at currency=PHP
INFO:__main__:2022-09-24 00:00:00, gid=238:马戏团连连发 doesn't have player at currency=PHP
INFO:__main__:2022-09-24 00:00:00, gid=239:幸运传奇 doesn't have player at currency=PHP
INFO:__main__:2022-09-24 00:00:00, gid=242:印金工厂 doesn't have player at currency=PHP
INFO:__main__:2022-09-24 00:00:00, gid=246:8级台风 doesn't have player at currency=PHP
INFO:__main__:2022-09-24 00:00:00, gid=247:守株待兔 doesn't have player at currency=PHP
INFO:__main__:2022-09-24 00:00:00, gid=248:财运亨通 doesn't have player at currency=PHP
INFO:__main__:2022-09-24 00:00:00, gid=249:鹊桥 doesn't have player at currency=PHP
INFO:__main__:2022-09-24 00:00:00, gid=250:麻將小福星 doesn't have player at currency=PHP
INFO:__main__:2022-09-24 00:00:00, gid=251:僵屍的寶藏 doesn't have player at currency=PHP
INFO:__main__:2022-09-24 00:00:00, gid=254:贪吃猫 doesn't have player at currency=PHP
INFO:__main__:2022-09-24 00:00:00, gid=255:五运 doesn't have player at currency=PHP
INFO:__main__:2022-09-24 00:00:00, gid=256:生肖传奇 doesn't have player at currency=PHP
INFO:__main__:2022-09-24 00:00:00, gid=257:妈祖传奇 doesn't have player at currency=PHP
INFO:__main__:2022-09-24 00:00:00, gid=258:隔壁王二不曾偷 doesn't have player at currency=PHP
INFO:__main__:2022-09-24 00:00:00, gid=259:富贵金鸡 doesn't have player at currency=PHP
INFO:__main__:2022-09-24 00:00:00, gid=261:囍 doesn't have player at currency=PHP
INFO:__main__:2022-09-24 00:00:00, gid=262:龙舟 doesn't have player at currency=PHP
INFO:__main__:2022-09-24 00:00:00, gid=265:汪财进宝 doesn't have player at currency=PHP
INFO:__main__:2022-09-24 00:00:00, gid=266:五鬼运财 doesn't have player at currency=PHP
INFO:__main__:2022-09-24 00:00:00, gid=269:龙虎水果机 doesn't have player at currency=PHP
INFO:__main__:2022-09-24 00:00:00, gid=271:血戰到底 doesn't have player at currency=PHP
INFO:__main__:2022-09-24 00:00:00, gid=272:斗地主 doesn't have player at currency=PHP
INFO:__main__:2022-09-24 00:00:00, gid=273:二人麻将 doesn't have player at currency=PHP
INFO:__main__:2022-09-24 00:00:00, gid=274:炸金花 doesn't have player at currency=PHP
INFO:__main__:2022-09-24 00:00:00, gid=275:八仙传奇 doesn't have player at currency=PHP
INFO:__main__:2022-09-24 00:00:00, gid=280:上海再次旋转 doesn't have player at currency=PHP
INFO:__main__:2022-09-24 00:00:00, gid=281:CQ9体育 doesn't have player at currency=PHP
INFO:__main__:2022-09-24 00:00:00, gid=282:美女与野兽 doesn't have player at currency=PHP
INFO:__main__:2022-09-24 00:00:00, gid=283:幸运星 doesn't have player at currency=PHP
INFO:__main__:2022-09-24 00:00:00, gid=284:豪运十倍 doesn't have player at currency=PHP
INFO:__main__:2022-09-24 00:00:00, gid=285:赢光派对 doesn't have player at currency=PHP
INFO:__main__:2022-09-24 00:00:00, gid=286:猪事大吉 doesn't have player at currency=PHP
INFO:__main__:2022-09-24 00:00:00, gid=287:中国锦鲤 doesn't have player at currency=PHP
INFO:__main__:2022-09-24 00:00:00, gid=288:福禄寿 doesn't have player at currency=PHP
INFO:__main__:2022-09-24 00:00:00, gid=289:财神宾果 doesn't have player at currency=PHP
INFO:__main__:2022-09-24 00:00:00, gid=292:东方福兽 doesn't have player at currency=PHP
INFO:__main__:2022-09-24 00:00:00, gid=298:水果连连看 doesn't have player at currency=PHP
INFO:__main__:2022-09-24 00:00:00, gid=300:疯狂赚钞票 doesn't have player at currency=PHP
INFO:__main__:2022-09-24 00:00:00, gid=301:雷电战机 doesn't have player at currency=PHP
INFO:__main__:2022-09-24 00:00:00, gid=302:齐天大圣 doesn't have player at currency=PHP
INFO:__main__:2022-09-24 00:00:00, gid=303:水浒传 doesn't have player at currency=PHP
INFO:__main__:2022-09-24 00:00:00, gid=304:野蛮世界 doesn't have player at currency=PHP
INFO:__main__:2022-09-24 00:00:00, gid=305:新潘金莲 doesn't have player at currency=PHP
INFO:__main__:2022-09-24 00:00:00, gid=306:武媚娘 doesn't have player at currency=PHP
INFO:__main__:2022-09-24 00:00:00, gid=307:魔豆 doesn't have player at currency=PHP
INFO:__main__:2022-09-24 00:00:00, gid=308:打虎英雄 doesn't have player at currency=PHP
INFO:__main__:2022-09-24 00:00:00, gid=309:笑弥勒 doesn't have player at currency=PHP
INFO:__main__:2022-09-24 00:00:00, gid=310:熊猫大侠 doesn't have player at currency=PHP
INFO:__main__:2022-09-24 00:00:00, gid=311:神话 doesn't have player at currency=PHP
INFO:__main__:2022-09-24 00:00:00, gid=312:胜利岛 doesn't have player at currency=PHP
INFO:__main__:2022-09-24 00:00:00, gid=313:哪吒 doesn't have player at currency=PHP
INFO:__main__:2022-09-24 00:00:00, gid=314:大福星 doesn't have player at currency=PHP
INFO:__main__:2022-09-24 00:00:00, gid=315:福神报喜 doesn't have player at currency=PHP
INFO:__main__:2022-09-24 00:00:00, gid=316:白蛇传奇 doesn't have player at currency=PHP
INFO:__main__:2022-09-24 00:00:00, gid=317:锦鲤祥龙 doesn't have player at currency=PHP
INFO:__main__:2022-09-24 00:00:00, gid=318:欢乐德州 doesn't have player at currency=PHP
INFO:__main__:2022-09-24 00:00:00, gid=321:亚洲女神 doesn't have player at currency=PHP
INFO:__main__:2022-09-24 00:00:00, gid=322:雪野生 doesn't have player at currency=PHP
INFO:__main__:2022-09-24 00:00:00, gid=323:艾拉的财富 doesn't have player at currency=PHP
INFO:__main__:2022-09-24 00:00:00, gid=325:血战骰盅 doesn't have player at currency=PHP
INFO:__main__:2022-09-24 00:00:00, gid=326:血流成河 doesn't have player at currency=PHP
INFO:__main__:2022-09-24 00:00:00, gid=327:二十一点 doesn't have player at currency=PHP
INFO:__main__:2022-09-24 00:00:00, gid=329:不太可能的王室 doesn't have player at currency=PHP
INFO:__main__:2022-09-24 00:00:00, gid=330:CQ9 真人 doesn't have player at currency=PHP
INFO:__main__:2022-09-24 00:00:00, gid=334:抢庄骰子牛牛 doesn't have player at currency=PHP
INFO:__main__:2022-09-24 00:00:00, gid=335:水浒劈鱼 doesn't have player at currency=PHP
INFO:__main__:2022-09-24 00:00:00, gid=336:火爆德甲 doesn't have player at currency=PHP
INFO:__main__:2022-09-24 00:00:00, gid=338:英超争霸 doesn't have player at currency=PHP
INFO:__main__:2022-09-24 00:00:00, gid=340:激战欧洲杯 doesn't have player at currency=PHP
INFO:__main__:2022-09-24 00:00:00, gid=341:球星联盟 doesn't have player at currency=PHP
INFO:__main__:2022-09-24 00:00:00, gid=342:决胜西甲 doesn't have player at currency=PHP
INFO:__main__:2022-09-24 00:00:00, gid=606:丛林秘宝 doesn't have player at currency=PHP
INFO:__main__:2022-09-24 00:00:00, gid=642:龙虎斗 doesn't have player at currency=PHP
INFO:__main__:2022-09-24 00:00:00, gid=644:金龙彩 doesn't have player at currency=PHP
INFO:__main__:2022-09-24 00:00:00, gid=645:孙二娘 doesn't have player at currency=PHP
INFO:__main__:2022-09-24 00:00:00, gid=646:花木兰 doesn't have player at currency=PHP
INFO:__main__:2022-09-24 00:00:00, gid=647:神偷 doesn't have player at currency=PHP
INFO:__main__:2022-09-24 00:00:00, gid=648:精灵 doesn't have player at currency=PHP
INFO:__main__:2022-09-24 00:00:00, gid=649:豹子头 doesn't have player at currency=PHP
INFO:__main__:2022-09-24 00:00:00, gid=650:西游记 doesn't have player at currency=PHP
INFO:__main__:2022-09-24 00:00:00, gid=651:百变龙 doesn't have player at currency=PHP
INFO:__main__:2022-09-24 00:00:00, gid=652:丛林岛 doesn't have player at currency=PHP
INFO:__main__:2022-09-24 00:00:00, gid=759:博丁 doesn't have player at currency=PHP
INFO:__main__:2022-09-24 00:00:00, gid=773:龙龙龙 doesn't have player at currency=PHP
INFO:__main__:2022-09-24 00:00:00, gid=832:牛牛牛 doesn't have player at currency=PHP
INFO:__main__:2022-09-24 00:00:00, gid=833:拉霸777 doesn't have player at currency=PHP
INFO:__main__:2022-09-24 00:00:00, gid=834:CQ9 彩票 doesn't have player at currency=PHP
INFO:__main__:2022-09-24 00:00:00, gid=838:龙来发 doesn't have player at currency=PHP
INFO:__main__:2022-09-24 00:00:00, gid=841:加倍斗地主 doesn't have player at currency=PHP
INFO:__main__:2022-09-24 00:00:00, gid=842:钻石水果 doesn't have player at currency=PHP
INFO:__main__:2022-09-24 00:00:00, gid=843:浴水则發 doesn't have player at currency=PHP
INFO:__main__:2022-09-24 00:00:00, gid=844:好好味 doesn't have player at currency=PHP
INFO:__main__:2022-09-24 00:00:00, gid=849:这市集绝了 doesn't have player at currency=PHP
INFO:__main__:2022-09-24 00:00:00, gid=852:招财祥龙 doesn't have player at currency=PHP
INFO:__main__:2022-09-24 00:00:00, gid=853:跑跑爱丽丝JP doesn't have player at currency=PHP
INFO:__main__:2022-09-24 00:00:00, gid=858:冰冰乐 doesn't have player at currency=PHP
INFO:__main__:2022-09-24 00:00:00, gid=863:开心抓虫 doesn't have player at currency=PHP
INFO:__main__:2022-09-24 00:00:00, gid=869:动博体育 doesn't have player at currency=PHP
INFO:__main__:2022-09-24 00:00:00, gid=870:Motivation doesn't have player at currency=PHP
INFO:__main__:2022-09-24 00:00:00, gid=876:狂野前锋 doesn't have player at currency=PHP
